#
# There is insufficient memory for the Java Runtime Environment to continue.
# Native memory allocation (malloc) failed to allocate 1817920 bytes for Chunk::new
# Possible reasons:
#   The system is out of physical RAM or swap space
#   The process is running with CompressedOops enabled, and the Java Heap may be blocking the growth of the native heap
# Possible solutions:
#   Reduce memory load on the system
#   Increase physical memory or swap space
#   Check if swap backing store is full
#   Decrease Java heap size (-Xmx/-Xms)
#   Decrease number of Java threads
#   Decrease Java thread stack sizes (-Xss)
#   Set larger code cache with -XX:ReservedCodeCacheSize=
#   JVM is running with Unscaled Compressed Oops mode in which the Java heap is
#     placed in the first 4GB address space. The Java Heap base address is the
#     maximum limit for the native heap growth. Please use -XX:HeapBaseMinAddress
#     to set the Java Heap base and to place the Java Heap above 4GB virtual address.
# This output file may be truncated or incomplete.
#
#  Out of Memory Error (arena.cpp:191), pid=20732, tid=77280
#
# JRE version: OpenJDK Runtime Environment Corretto-17.0.9.8.1 (17.0.9+8) (build 17.0.9+8-LTS)
# Java VM: OpenJDK 64-Bit Server VM Corretto-17.0.9.8.1 (17.0.9+8-LTS, mixed mode, sharing, tiered, compressed oops, compressed class ptrs, g1 gc, windows-amd64)
# No core dump will be written. Minidumps are not enabled by default on client versions of Windows
#

---------------  S U M M A R Y ------------

Command Line: --add-opens=java.base/java.util=ALL-UNNAMED --add-opens=java.base/java.lang=ALL-UNNAMED --add-opens=java.base/java.lang.invoke=ALL-UNNAMED --add-opens=java.prefs/java.util.prefs=ALL-UNNAMED --add-opens=java.base/java.nio.charset=ALL-UNNAMED --add-opens=java.base/java.net=ALL-UNNAMED --add-opens=java.base/java.util.concurrent.atomic=ALL-UNNAMED -XX:MaxMetaspaceSize=384m -XX:+HeapDumpOnOutOfMemoryError -Xms256m -Xmx512m -Dfile.encoding=UTF-8 -Duser.country=US -Duser.language=en -Duser.variant -javaagent:C:\Users\zapza\.gradle\wrapper\dists\gradle-8.4-bin\1w5dpkrfk8irigvoxmyhowfim\gradle-8.4\lib\agents\gradle-instrumentation-agent-8.4.jar org.gradle.launcher.daemon.bootstrap.GradleDaemon 8.4

Host: 11th Gen Intel(R) Core(TM) i7-1165G7 @ 2.80GHz, 8 cores, 15G,  Windows 11 , 64 bit Build 26100 (10.0.26100.3323)
Time: Fri Apr 11 18:34:32 2025  Windows 11 , 64 bit Build 26100 (10.0.26100.3323) elapsed time: 10.609368 seconds (0d 0h 0m 10s)

---------------  T H R E A D  ---------------

Current thread (0x000001ae4afc6b70):  JavaThread "C2 CompilerThread0" daemon [_thread_in_native, id=77280, stack(0x0000007d95b00000,0x0000007d95c00000)]


Current CompileTask:
C2:  10609 4011       4       groovy.lang.MetaClassImpl$1MOPIter::methodNameAction (325 bytes)

Stack: [0x0000007d95b00000,0x0000007d95c00000]
Native frames: (J=compiled Java code, j=interpreted, Vv=VM code, C=native code)
V  [jvm.dll+0x67cb49]
V  [jvm.dll+0x8344da]
V  [jvm.dll+0x835f9e]
V  [jvm.dll+0x836603]
V  [jvm.dll+0x247b5f]
V  [jvm.dll+0xac43c]
V  [jvm.dll+0xaca8c]
V  [jvm.dll+0x366c87]
V  [jvm.dll+0x330fda]
V  [jvm.dll+0x33047a]
V  [jvm.dll+0x21a201]
V  [jvm.dll+0x219621]
V  [jvm.dll+0x1a56cd]
V  [jvm.dll+0x2293ee]
V  [jvm.dll+0x2275bc]
V  [jvm.dll+0x7e95a7]
V  [jvm.dll+0x7e396a]
V  [jvm.dll+0x67ba35]
C  [ucrtbase.dll+0x37b0]
C  [KERNEL32.DLL+0x2e8d7]
C  [ntdll.dll+0xbbf6c]


---------------  P R O C E S S  ---------------

Threads class SMR info:
_java_thread_list=0x000001ae677bb490, length=42, elements={
0x000001ae3043ab90, 0x000001ae4afa8800, 0x000001ae4afa9e40, 0x000001ae4afc14e0,
0x000001ae4afc3dc0, 0x000001ae4afc56a0, 0x000001ae4afc5f70, 0x000001ae4afc6b70,
0x000001ae4afc96d0, 0x000001ae4afcd700, 0x000001ae4af92e20, 0x000001ae641baac0,
0x000001ae6601c9c0, 0x000001ae6500bf20, 0x000001ae668423e0, 0x000001ae6647e840,
0x000001ae66483770, 0x000001ae65cf7030, 0x000001ae66413430, 0x000001ae6594ef90,
0x000001ae6594e570, 0x000001ae6594e060, 0x000001ae659503d0, 0x000001ae6594f4a0,
0x000001ae6594fec0, 0x000001ae6594ea80, 0x000001ae6594f9b0, 0x000001ae6594d640,
0x000001ae65950df0, 0x000001ae6594db50, 0x000001ae67afb610, 0x000001ae67af9cc0,
0x000001ae67afa6e0, 0x000001ae67af97b0, 0x000001ae67af8880, 0x000001ae67afa1d0,
0x000001ae67afabf0, 0x000001ae67af8370, 0x000001ae67af8d90, 0x000001ae67af7e60,
0x000001ae67afedc0, 0x000001ae675868c0
}

Java Threads: ( => current thread )
  0x000001ae3043ab90 JavaThread "main" [_thread_blocked, id=42228, stack(0x0000007d94e00000,0x0000007d94f00000)]
  0x000001ae4afa8800 JavaThread "Reference Handler" daemon [_thread_blocked, id=42460, stack(0x0000007d95500000,0x0000007d95600000)]
  0x000001ae4afa9e40 JavaThread "Finalizer" daemon [_thread_blocked, id=78984, stack(0x0000007d95600000,0x0000007d95700000)]
  0x000001ae4afc14e0 JavaThread "Signal Dispatcher" daemon [_thread_blocked, id=80788, stack(0x0000007d95700000,0x0000007d95800000)]
  0x000001ae4afc3dc0 JavaThread "Attach Listener" daemon [_thread_blocked, id=16016, stack(0x0000007d95800000,0x0000007d95900000)]
  0x000001ae4afc56a0 JavaThread "Service Thread" daemon [_thread_blocked, id=81180, stack(0x0000007d95900000,0x0000007d95a00000)]
  0x000001ae4afc5f70 JavaThread "Monitor Deflation Thread" daemon [_thread_blocked, id=41112, stack(0x0000007d95a00000,0x0000007d95b00000)]
=>0x000001ae4afc6b70 JavaThread "C2 CompilerThread0" daemon [_thread_in_native, id=77280, stack(0x0000007d95b00000,0x0000007d95c00000)]
  0x000001ae4afc96d0 JavaThread "C1 CompilerThread0" daemon [_thread_blocked, id=30608, stack(0x0000007d95c00000,0x0000007d95d00000)]
  0x000001ae4afcd700 JavaThread "Sweeper thread" daemon [_thread_blocked, id=76672, stack(0x0000007d95d00000,0x0000007d95e00000)]
  0x000001ae4af92e20 JavaThread "Common-Cleaner" daemon [_thread_blocked, id=81184, stack(0x0000007d95e00000,0x0000007d95f00000)]
  0x000001ae641baac0 JavaThread "Notification Thread" daemon [_thread_blocked, id=58896, stack(0x0000007d95f00000,0x0000007d96000000)]
  0x000001ae6601c9c0 JavaThread "Daemon health stats" [_thread_blocked, id=25916, stack(0x0000007d96700000,0x0000007d96800000)]
  0x000001ae6500bf20 JavaThread "Incoming local TCP Connector on port 7699" [_thread_in_native, id=81216, stack(0x0000007d96100000,0x0000007d96200000)]
  0x000001ae668423e0 JavaThread "Daemon periodic checks" [_thread_blocked, id=14748, stack(0x0000007d96900000,0x0000007d96a00000)]
  0x000001ae6647e840 JavaThread "Daemon" [_thread_blocked, id=80832, stack(0x0000007d96a00000,0x0000007d96b00000)]
  0x000001ae66483770 JavaThread "Handler for socket connection from /127.0.0.1:7699 to /127.0.0.1:7700" [_thread_in_native, id=79516, stack(0x0000007d96b00000,0x0000007d96c00000)]
  0x000001ae65cf7030 JavaThread "Cancel handler" [_thread_blocked, id=48376, stack(0x0000007d96c00000,0x0000007d96d00000)]
  0x000001ae66413430 JavaThread "Daemon worker" [_thread_in_vm, id=50996, stack(0x0000007d96d00000,0x0000007d96e00000)]
  0x000001ae6594ef90 JavaThread "Asynchronous log dispatcher for DefaultDaemonConnection: socket connection from /127.0.0.1:7699 to /127.0.0.1:7700" [_thread_blocked, id=22988, stack(0x0000007d96e00000,0x0000007d96f00000)]
  0x000001ae6594e570 JavaThread "Stdin handler" [_thread_blocked, id=25244, stack(0x0000007d96f00000,0x0000007d97000000)]
  0x000001ae6594e060 JavaThread "Daemon client event forwarder" [_thread_blocked, id=46464, stack(0x0000007d97000000,0x0000007d97100000)]
  0x000001ae659503d0 JavaThread "Cache worker for journal cache (C:\Users\zapza\.gradle\caches\journal-1)" [_thread_blocked, id=80556, stack(0x0000007d97100000,0x0000007d97200000)]
  0x000001ae6594f4a0 JavaThread "File lock request listener" [_thread_in_native, id=10516, stack(0x0000007d97200000,0x0000007d97300000)]
  0x000001ae6594fec0 JavaThread "Cache worker for file hash cache (C:\Users\zapza\.gradle\caches\8.4\fileHashes)" [_thread_blocked, id=78120, stack(0x0000007d97300000,0x0000007d97400000)]
  0x000001ae6594ea80 JavaThread "File watcher server" daemon [_thread_in_native, id=73200, stack(0x0000007d97400000,0x0000007d97500000)]
  0x000001ae6594f9b0 JavaThread "File watcher consumer" daemon [_thread_blocked, id=29864, stack(0x0000007d97500000,0x0000007d97600000)]
  0x000001ae6594d640 JavaThread "jar transforms" [_thread_blocked, id=5256, stack(0x0000007d97600000,0x0000007d97700000)]
  0x000001ae65950df0 JavaThread "jar transforms Thread 2" [_thread_blocked, id=17488, stack(0x0000007d97700000,0x0000007d97800000)]
  0x000001ae6594db50 JavaThread "jar transforms Thread 3" [_thread_blocked, id=36140, stack(0x0000007d97800000,0x0000007d97900000)]
  0x000001ae67afb610 JavaThread "jar transforms Thread 4" [_thread_blocked, id=30524, stack(0x0000007d97900000,0x0000007d97a00000)]
  0x000001ae67af9cc0 JavaThread "jar transforms Thread 5" [_thread_blocked, id=43668, stack(0x0000007d97a00000,0x0000007d97b00000)]
  0x000001ae67afa6e0 JavaThread "jar transforms Thread 6" [_thread_blocked, id=33760, stack(0x0000007d97b00000,0x0000007d97c00000)]
  0x000001ae67af97b0 JavaThread "jar transforms Thread 7" [_thread_blocked, id=52460, stack(0x0000007d97c00000,0x0000007d97d00000)]
  0x000001ae67af8880 JavaThread "jar transforms Thread 8" [_thread_blocked, id=27864, stack(0x0000007d97d00000,0x0000007d97e00000)]
  0x000001ae67afa1d0 JavaThread "Cache worker for checksums cache (C:\Users\zapza\Desktop\fix-ticketing\.gradle\8.4\checksums)" [_thread_blocked, id=53660, stack(0x0000007d98100000,0x0000007d98200000)]
  0x000001ae67afabf0 JavaThread "Cache worker for file hash cache (C:\Users\zapza\Desktop\fix-ticketing\.gradle\8.4\fileHashes)" [_thread_blocked, id=61664, stack(0x0000007d98200000,0x0000007d98300000)]
  0x000001ae67af8370 JavaThread "Cache worker for cache directory md-supplier (C:\Users\zapza\.gradle\caches\8.4\md-supplier)" [_thread_blocked, id=34468, stack(0x0000007d98300000,0x0000007d98400000)]
  0x000001ae67af8d90 JavaThread "Cache worker for file content cache (C:\Users\zapza\.gradle\caches\8.4\fileContent)" [_thread_blocked, id=43808, stack(0x0000007d98400000,0x0000007d98500000)]
  0x000001ae67af7e60 JavaThread "Cache worker for cache directory md-rule (C:\Users\zapza\.gradle\caches\8.4\md-rule)" [_thread_blocked, id=13608, stack(0x0000007d98500000,0x0000007d98600000)]
  0x000001ae67afedc0 JavaThread "Cache worker for execution history cache (C:\Users\zapza\.gradle\caches\8.4\executionHistory)" [_thread_blocked, id=78640, stack(0x0000007d98600000,0x0000007d98700000)]
  0x000001ae675868c0 JavaThread "C2 CompilerThread1" daemon [_thread_blocked, id=29096, stack(0x0000007d96800000,0x0000007d96900000)]

Other Threads:
  0x000001ae4afa1b80 VMThread "VM Thread" [stack: 0x0000007d95400000,0x0000007d95500000] [id=62808]
  0x000001ae3043b920 WatcherThread [stack: 0x0000007d96000000,0x0000007d96100000] [id=79972]
  0x000001ae304684b0 GCTaskThread "GC Thread#0" [stack: 0x0000007d94f00000,0x0000007d95000000] [id=26836]
  0x000001ae64fcc730 GCTaskThread "GC Thread#1" [stack: 0x0000007d96200000,0x0000007d96300000] [id=25020]
  0x000001ae64fcc9f0 GCTaskThread "GC Thread#2" [stack: 0x0000007d96300000,0x0000007d96400000] [id=34152]
  0x000001ae64d82030 GCTaskThread "GC Thread#3" [stack: 0x0000007d96400000,0x0000007d96500000] [id=57852]
  0x000001ae64d822f0 GCTaskThread "GC Thread#4" [stack: 0x0000007d96500000,0x0000007d96600000] [id=36596]
  0x000001ae64d825b0 GCTaskThread "GC Thread#5" [stack: 0x0000007d96600000,0x0000007d96700000] [id=28620]
  0x000001ae673d7e20 GCTaskThread "GC Thread#6" [stack: 0x0000007d97e00000,0x0000007d97f00000] [id=42404]
  0x000001ae6702f560 GCTaskThread "GC Thread#7" [stack: 0x0000007d97f00000,0x0000007d98000000] [id=66612]
  0x000001ae3046d310 ConcurrentGCThread "G1 Main Marker" [stack: 0x0000007d95000000,0x0000007d95100000] [id=40040]
  0x000001ae3046e910 ConcurrentGCThread "G1 Conc#0" [stack: 0x0000007d95100000,0x0000007d95200000] [id=30020]
  0x000001ae6900dbf0 ConcurrentGCThread "G1 Conc#1" [stack: 0x0000007d98000000,0x0000007d98100000] [id=64392]
  0x000001ae4ae5e130 ConcurrentGCThread "G1 Refine#0" [stack: 0x0000007d95200000,0x0000007d95300000] [id=27896]
  0x000001ae4ae5e810 ConcurrentGCThread "G1 Service" [stack: 0x0000007d95300000,0x0000007d95400000] [id=35728]

Threads with active compile tasks:
C2 CompilerThread0    10653 4011       4       groovy.lang.MetaClassImpl$1MOPIter::methodNameAction (325 bytes)

VM state: not at safepoint (normal execution)

VM Mutex/Monitor currently owned by a thread: None

Heap address: 0x00000000e0000000, size: 512 MB, Compressed Oops mode: 32-bit

CDS archive(s) mapped at: [0x000001ae4b000000-0x000001ae4bba0000-0x000001ae4bba0000), size 12189696, SharedBaseAddress: 0x000001ae4b000000, ArchiveRelocationMode: 1.
Compressed class space mapped at: 0x000001ae4c000000-0x000001ae60000000, reserved size: 335544320
Narrow klass base: 0x000001ae4b000000, Narrow klass shift: 0, Narrow klass range: 0x100000000

GC Precious Log:
 CPUs: 8 total, 8 available
 Memory: 16057M
 Large Page Support: Disabled
 NUMA Support: Disabled
 Compressed Oops: Enabled (32-bit)
 Heap Region Size: 1M
 Heap Min Capacity: 256M
 Heap Initial Capacity: 256M
 Heap Max Capacity: 512M
 Pre-touch: Disabled
 Parallel Workers: 8
 Concurrent Workers: 2
 Concurrent Refinement Workers: 8
 Periodic GC: Disabled

Heap:
 garbage-first heap   total 262144K, used 149070K [0x00000000e0000000, 0x0000000100000000)
  region size 1024K, 121 young (123904K), 13 survivors (13312K)
 Metaspace       used 35208K, committed 35648K, reserved 393216K
  class space    used 4874K, committed 5056K, reserved 327680K

Heap Regions: E=young(eden), S=young(survivor), O=old, HS=humongous(starts), HC=humongous(continues), CS=collection set, F=free, OA=open archive, CA=closed archive, TAMS=top-at-mark-start (previous, next)
|   0|0x00000000e0000000, 0x00000000e0100000, 0x00000000e0100000|100%|HS|  |TAMS 0x00000000e0100000, 0x00000000e0000000| Complete 
|   1|0x00000000e0100000, 0x00000000e0200000, 0x00000000e0200000|100%|HC|  |TAMS 0x00000000e0200000, 0x00000000e0100000| Complete 
|   2|0x00000000e0200000, 0x00000000e0300000, 0x00000000e0300000|100%|HC|  |TAMS 0x00000000e0300000, 0x00000000e0200000| Complete 
|   3|0x00000000e0300000, 0x00000000e0400000, 0x00000000e0400000|100%|HC|  |TAMS 0x00000000e0400000, 0x00000000e0300000| Complete 
|   4|0x00000000e0400000, 0x00000000e0500000, 0x00000000e0500000|100%| O|  |TAMS 0x00000000e0500000, 0x00000000e0400000| Untracked 
|   5|0x00000000e0500000, 0x00000000e0600000, 0x00000000e0600000|100%| O|  |TAMS 0x00000000e0600000, 0x00000000e0500000| Untracked 
|   6|0x00000000e0600000, 0x00000000e0700000, 0x00000000e0700000|100%| O|  |TAMS 0x00000000e0700000, 0x00000000e0600000| Untracked 
|   7|0x00000000e0700000, 0x00000000e0800000, 0x00000000e0800000|100%| O|  |TAMS 0x00000000e0800000, 0x00000000e0700000| Untracked 
|   8|0x00000000e0800000, 0x00000000e0900000, 0x00000000e0900000|100%| O|  |TAMS 0x00000000e0900000, 0x00000000e0800000| Untracked 
|   9|0x00000000e0900000, 0x00000000e0a00000, 0x00000000e0a00000|100%| O|  |TAMS 0x00000000e0a00000, 0x00000000e0900000| Untracked 
|  10|0x00000000e0a00000, 0x00000000e0acdc00, 0x00000000e0b00000| 80%| O|  |TAMS 0x00000000e0acdc00, 0x00000000e0a00000| Untracked 
|  11|0x00000000e0b00000, 0x00000000e0c00000, 0x00000000e0c00000|100%|HS|  |TAMS 0x00000000e0b00000, 0x00000000e0b00000| Complete 
|  12|0x00000000e0c00000, 0x00000000e0d00000, 0x00000000e0d00000|100%|HS|  |TAMS 0x00000000e0d00000, 0x00000000e0c00000| Complete 
|  13|0x00000000e0d00000, 0x00000000e0e00000, 0x00000000e0e00000|100%|HC|  |TAMS 0x00000000e0e00000, 0x00000000e0d00000| Complete 
|  14|0x00000000e0e00000, 0x00000000e0f00000, 0x00000000e0f00000|100%|HS|  |TAMS 0x00000000e0f00000, 0x00000000e0e00000| Complete 
|  15|0x00000000e0f00000, 0x00000000e1000000, 0x00000000e1000000|100%|HC|  |TAMS 0x00000000e1000000, 0x00000000e0f00000| Complete 
|  16|0x00000000e1000000, 0x00000000e1100000, 0x00000000e1100000|100%|HC|  |TAMS 0x00000000e1100000, 0x00000000e1000000| Complete 
|  17|0x00000000e1100000, 0x00000000e1200000, 0x00000000e1200000|100%|HS|  |TAMS 0x00000000e1200000, 0x00000000e1100000| Complete 
|  18|0x00000000e1200000, 0x00000000e1300000, 0x00000000e1300000|100%|HC|  |TAMS 0x00000000e1300000, 0x00000000e1200000| Complete 
|  19|0x00000000e1300000, 0x00000000e1400000, 0x00000000e1400000|100%|HC|  |TAMS 0x00000000e1400000, 0x00000000e1300000| Complete 
|  20|0x00000000e1400000, 0x00000000e1500000, 0x00000000e1500000|100%|HS|  |TAMS 0x00000000e1400000, 0x00000000e1400000| Complete 
|  21|0x00000000e1500000, 0x00000000e1600000, 0x00000000e1600000|100%|HC|  |TAMS 0x00000000e1500000, 0x00000000e1500000| Complete 
|  22|0x00000000e1600000, 0x00000000e1700000, 0x00000000e1700000|100%|HC|  |TAMS 0x00000000e1600000, 0x00000000e1600000| Complete 
|  23|0x00000000e1700000, 0x00000000e1800000, 0x00000000e1800000|100%|HS|  |TAMS 0x00000000e1700000, 0x00000000e1700000| Complete 
|  24|0x00000000e1800000, 0x00000000e1900000, 0x00000000e1900000|100%|HC|  |TAMS 0x00000000e1800000, 0x00000000e1800000| Complete 
|  25|0x00000000e1900000, 0x00000000e1a00000, 0x00000000e1a00000|100%|HS|  |TAMS 0x00000000e1900000, 0x00000000e1900000| Complete 
|  26|0x00000000e1a00000, 0x00000000e1b00000, 0x00000000e1b00000|100%|HC|  |TAMS 0x00000000e1a00000, 0x00000000e1a00000| Complete 
|  27|0x00000000e1b00000, 0x00000000e1b00000, 0x00000000e1c00000|  0%| F|  |TAMS 0x00000000e1b00000, 0x00000000e1b00000| Untracked 
|  28|0x00000000e1c00000, 0x00000000e1c00000, 0x00000000e1d00000|  0%| F|  |TAMS 0x00000000e1c00000, 0x00000000e1c00000| Untracked 
|  29|0x00000000e1d00000, 0x00000000e1d00000, 0x00000000e1e00000|  0%| F|  |TAMS 0x00000000e1d00000, 0x00000000e1d00000| Untracked 
|  30|0x00000000e1e00000, 0x00000000e1e00000, 0x00000000e1f00000|  0%| F|  |TAMS 0x00000000e1e00000, 0x00000000e1e00000| Untracked 
|  31|0x00000000e1f00000, 0x00000000e1f00000, 0x00000000e2000000|  0%| F|  |TAMS 0x00000000e1f00000, 0x00000000e1f00000| Untracked 
|  32|0x00000000e2000000, 0x00000000e2000000, 0x00000000e2100000|  0%| F|  |TAMS 0x00000000e2000000, 0x00000000e2000000| Untracked 
|  33|0x00000000e2100000, 0x00000000e2100000, 0x00000000e2200000|  0%| F|  |TAMS 0x00000000e2100000, 0x00000000e2100000| Untracked 
|  34|0x00000000e2200000, 0x00000000e2200000, 0x00000000e2300000|  0%| F|  |TAMS 0x00000000e2200000, 0x00000000e2200000| Untracked 
|  35|0x00000000e2300000, 0x00000000e2300000, 0x00000000e2400000|  0%| F|  |TAMS 0x00000000e2300000, 0x00000000e2300000| Untracked 
|  36|0x00000000e2400000, 0x00000000e2400000, 0x00000000e2500000|  0%| F|  |TAMS 0x00000000e2400000, 0x00000000e2400000| Untracked 
|  37|0x00000000e2500000, 0x00000000e2500000, 0x00000000e2600000|  0%| F|  |TAMS 0x00000000e2500000, 0x00000000e2500000| Untracked 
|  38|0x00000000e2600000, 0x00000000e2600000, 0x00000000e2700000|  0%| F|  |TAMS 0x00000000e2600000, 0x00000000e2600000| Untracked 
|  39|0x00000000e2700000, 0x00000000e2700000, 0x00000000e2800000|  0%| F|  |TAMS 0x00000000e2700000, 0x00000000e2700000| Untracked 
|  40|0x00000000e2800000, 0x00000000e2800000, 0x00000000e2900000|  0%| F|  |TAMS 0x00000000e2800000, 0x00000000e2800000| Untracked 
|  41|0x00000000e2900000, 0x00000000e2900000, 0x00000000e2a00000|  0%| F|  |TAMS 0x00000000e2900000, 0x00000000e2900000| Untracked 
|  42|0x00000000e2a00000, 0x00000000e2a00000, 0x00000000e2b00000|  0%| F|  |TAMS 0x00000000e2a00000, 0x00000000e2a00000| Untracked 
|  43|0x00000000e2b00000, 0x00000000e2b00000, 0x00000000e2c00000|  0%| F|  |TAMS 0x00000000e2b00000, 0x00000000e2b00000| Untracked 
|  44|0x00000000e2c00000, 0x00000000e2c00000, 0x00000000e2d00000|  0%| F|  |TAMS 0x00000000e2c00000, 0x00000000e2c00000| Untracked 
|  45|0x00000000e2d00000, 0x00000000e2d00000, 0x00000000e2e00000|  0%| F|  |TAMS 0x00000000e2d00000, 0x00000000e2d00000| Untracked 
|  46|0x00000000e2e00000, 0x00000000e2e00000, 0x00000000e2f00000|  0%| F|  |TAMS 0x00000000e2e00000, 0x00000000e2e00000| Untracked 
|  47|0x00000000e2f00000, 0x00000000e2f00000, 0x00000000e3000000|  0%| F|  |TAMS 0x00000000e2f00000, 0x00000000e2f00000| Untracked 
|  48|0x00000000e3000000, 0x00000000e3000000, 0x00000000e3100000|  0%| F|  |TAMS 0x00000000e3000000, 0x00000000e3000000| Untracked 
|  49|0x00000000e3100000, 0x00000000e3100000, 0x00000000e3200000|  0%| F|  |TAMS 0x00000000e3100000, 0x00000000e3100000| Untracked 
|  50|0x00000000e3200000, 0x00000000e3200000, 0x00000000e3300000|  0%| F|  |TAMS 0x00000000e3200000, 0x00000000e3200000| Untracked 
|  51|0x00000000e3300000, 0x00000000e3300000, 0x00000000e3400000|  0%| F|  |TAMS 0x00000000e3300000, 0x00000000e3300000| Untracked 
|  52|0x00000000e3400000, 0x00000000e3400000, 0x00000000e3500000|  0%| F|  |TAMS 0x00000000e3400000, 0x00000000e3400000| Untracked 
|  53|0x00000000e3500000, 0x00000000e3500000, 0x00000000e3600000|  0%| F|  |TAMS 0x00000000e3500000, 0x00000000e3500000| Untracked 
|  54|0x00000000e3600000, 0x00000000e3600000, 0x00000000e3700000|  0%| F|  |TAMS 0x00000000e3600000, 0x00000000e3600000| Untracked 
|  55|0x00000000e3700000, 0x00000000e3700000, 0x00000000e3800000|  0%| F|  |TAMS 0x00000000e3700000, 0x00000000e3700000| Untracked 
|  56|0x00000000e3800000, 0x00000000e3800000, 0x00000000e3900000|  0%| F|  |TAMS 0x00000000e3800000, 0x00000000e3800000| Untracked 
|  57|0x00000000e3900000, 0x00000000e3900000, 0x00000000e3a00000|  0%| F|  |TAMS 0x00000000e3900000, 0x00000000e3900000| Untracked 
|  58|0x00000000e3a00000, 0x00000000e3a00000, 0x00000000e3b00000|  0%| F|  |TAMS 0x00000000e3a00000, 0x00000000e3a00000| Untracked 
|  59|0x00000000e3b00000, 0x00000000e3b00000, 0x00000000e3c00000|  0%| F|  |TAMS 0x00000000e3b00000, 0x00000000e3b00000| Untracked 
|  60|0x00000000e3c00000, 0x00000000e3c00000, 0x00000000e3d00000|  0%| F|  |TAMS 0x00000000e3c00000, 0x00000000e3c00000| Untracked 
|  61|0x00000000e3d00000, 0x00000000e3d00000, 0x00000000e3e00000|  0%| F|  |TAMS 0x00000000e3d00000, 0x00000000e3d00000| Untracked 
|  62|0x00000000e3e00000, 0x00000000e3e00000, 0x00000000e3f00000|  0%| F|  |TAMS 0x00000000e3e00000, 0x00000000e3e00000| Untracked 
|  63|0x00000000e3f00000, 0x00000000e3f00000, 0x00000000e4000000|  0%| F|  |TAMS 0x00000000e3f00000, 0x00000000e3f00000| Untracked 
|  64|0x00000000e4000000, 0x00000000e4000000, 0x00000000e4100000|  0%| F|  |TAMS 0x00000000e4000000, 0x00000000e4000000| Untracked 
|  65|0x00000000e4100000, 0x00000000e4100000, 0x00000000e4200000|  0%| F|  |TAMS 0x00000000e4100000, 0x00000000e4100000| Untracked 
|  66|0x00000000e4200000, 0x00000000e4200000, 0x00000000e4300000|  0%| F|  |TAMS 0x00000000e4200000, 0x00000000e4200000| Untracked 
|  67|0x00000000e4300000, 0x00000000e4300000, 0x00000000e4400000|  0%| F|  |TAMS 0x00000000e4300000, 0x00000000e4300000| Untracked 
|  68|0x00000000e4400000, 0x00000000e4400000, 0x00000000e4500000|  0%| F|  |TAMS 0x00000000e4400000, 0x00000000e4400000| Untracked 
|  69|0x00000000e4500000, 0x00000000e4500000, 0x00000000e4600000|  0%| F|  |TAMS 0x00000000e4500000, 0x00000000e4500000| Untracked 
|  70|0x00000000e4600000, 0x00000000e4600000, 0x00000000e4700000|  0%| F|  |TAMS 0x00000000e4600000, 0x00000000e4600000| Untracked 
|  71|0x00000000e4700000, 0x00000000e4700000, 0x00000000e4800000|  0%| F|  |TAMS 0x00000000e4700000, 0x00000000e4700000| Untracked 
|  72|0x00000000e4800000, 0x00000000e4800000, 0x00000000e4900000|  0%| F|  |TAMS 0x00000000e4800000, 0x00000000e4800000| Untracked 
|  73|0x00000000e4900000, 0x00000000e4900000, 0x00000000e4a00000|  0%| F|  |TAMS 0x00000000e4900000, 0x00000000e4900000| Untracked 
|  74|0x00000000e4a00000, 0x00000000e4a00000, 0x00000000e4b00000|  0%| F|  |TAMS 0x00000000e4a00000, 0x00000000e4a00000| Untracked 
|  75|0x00000000e4b00000, 0x00000000e4b00000, 0x00000000e4c00000|  0%| F|  |TAMS 0x00000000e4b00000, 0x00000000e4b00000| Untracked 
|  76|0x00000000e4c00000, 0x00000000e4c00000, 0x00000000e4d00000|  0%| F|  |TAMS 0x00000000e4c00000, 0x00000000e4c00000| Untracked 
|  77|0x00000000e4d00000, 0x00000000e4d00000, 0x00000000e4e00000|  0%| F|  |TAMS 0x00000000e4d00000, 0x00000000e4d00000| Untracked 
|  78|0x00000000e4e00000, 0x00000000e4e00000, 0x00000000e4f00000|  0%| F|  |TAMS 0x00000000e4e00000, 0x00000000e4e00000| Untracked 
|  79|0x00000000e4f00000, 0x00000000e4f00000, 0x00000000e5000000|  0%| F|  |TAMS 0x00000000e4f00000, 0x00000000e4f00000| Untracked 
|  80|0x00000000e5000000, 0x00000000e5000000, 0x00000000e5100000|  0%| F|  |TAMS 0x00000000e5000000, 0x00000000e5000000| Untracked 
|  81|0x00000000e5100000, 0x00000000e5100000, 0x00000000e5200000|  0%| F|  |TAMS 0x00000000e5100000, 0x00000000e5100000| Untracked 
|  82|0x00000000e5200000, 0x00000000e5200000, 0x00000000e5300000|  0%| F|  |TAMS 0x00000000e5200000, 0x00000000e5200000| Untracked 
|  83|0x00000000e5300000, 0x00000000e5300000, 0x00000000e5400000|  0%| F|  |TAMS 0x00000000e5300000, 0x00000000e5300000| Untracked 
|  84|0x00000000e5400000, 0x00000000e5400000, 0x00000000e5500000|  0%| F|  |TAMS 0x00000000e5400000, 0x00000000e5400000| Untracked 
|  85|0x00000000e5500000, 0x00000000e5500000, 0x00000000e5600000|  0%| F|  |TAMS 0x00000000e5500000, 0x00000000e5500000| Untracked 
|  86|0x00000000e5600000, 0x00000000e5600000, 0x00000000e5700000|  0%| F|  |TAMS 0x00000000e5600000, 0x00000000e5600000| Untracked 
|  87|0x00000000e5700000, 0x00000000e5700000, 0x00000000e5800000|  0%| F|  |TAMS 0x00000000e5700000, 0x00000000e5700000| Untracked 
|  88|0x00000000e5800000, 0x00000000e5800000, 0x00000000e5900000|  0%| F|  |TAMS 0x00000000e5800000, 0x00000000e5800000| Untracked 
|  89|0x00000000e5900000, 0x00000000e5900000, 0x00000000e5a00000|  0%| F|  |TAMS 0x00000000e5900000, 0x00000000e5900000| Untracked 
|  90|0x00000000e5a00000, 0x00000000e5a00000, 0x00000000e5b00000|  0%| F|  |TAMS 0x00000000e5a00000, 0x00000000e5a00000| Untracked 
|  91|0x00000000e5b00000, 0x00000000e5b00000, 0x00000000e5c00000|  0%| F|  |TAMS 0x00000000e5b00000, 0x00000000e5b00000| Untracked 
|  92|0x00000000e5c00000, 0x00000000e5c00000, 0x00000000e5d00000|  0%| F|  |TAMS 0x00000000e5c00000, 0x00000000e5c00000| Untracked 
|  93|0x00000000e5d00000, 0x00000000e5d00000, 0x00000000e5e00000|  0%| F|  |TAMS 0x00000000e5d00000, 0x00000000e5d00000| Untracked 
|  94|0x00000000e5e00000, 0x00000000e5e00000, 0x00000000e5f00000|  0%| F|  |TAMS 0x00000000e5e00000, 0x00000000e5e00000| Untracked 
|  95|0x00000000e5f00000, 0x00000000e5f00000, 0x00000000e6000000|  0%| F|  |TAMS 0x00000000e5f00000, 0x00000000e5f00000| Untracked 
|  96|0x00000000e6000000, 0x00000000e6000000, 0x00000000e6100000|  0%| F|  |TAMS 0x00000000e6000000, 0x00000000e6000000| Untracked 
|  97|0x00000000e6100000, 0x00000000e6100000, 0x00000000e6200000|  0%| F|  |TAMS 0x00000000e6100000, 0x00000000e6100000| Untracked 
|  98|0x00000000e6200000, 0x00000000e6200000, 0x00000000e6300000|  0%| F|  |TAMS 0x00000000e6200000, 0x00000000e6200000| Untracked 
|  99|0x00000000e6300000, 0x00000000e6300000, 0x00000000e6400000|  0%| F|  |TAMS 0x00000000e6300000, 0x00000000e6300000| Untracked 
| 100|0x00000000e6400000, 0x00000000e6400000, 0x00000000e6500000|  0%| F|  |TAMS 0x00000000e6400000, 0x00000000e6400000| Untracked 
| 101|0x00000000e6500000, 0x00000000e6500000, 0x00000000e6600000|  0%| F|  |TAMS 0x00000000e6500000, 0x00000000e6500000| Untracked 
| 102|0x00000000e6600000, 0x00000000e6600000, 0x00000000e6700000|  0%| F|  |TAMS 0x00000000e6600000, 0x00000000e6600000| Untracked 
| 103|0x00000000e6700000, 0x00000000e6700000, 0x00000000e6800000|  0%| F|  |TAMS 0x00000000e6700000, 0x00000000e6700000| Untracked 
| 104|0x00000000e6800000, 0x00000000e6800000, 0x00000000e6900000|  0%| F|  |TAMS 0x00000000e6800000, 0x00000000e6800000| Untracked 
| 105|0x00000000e6900000, 0x00000000e6900000, 0x00000000e6a00000|  0%| F|  |TAMS 0x00000000e6900000, 0x00000000e6900000| Untracked 
| 106|0x00000000e6a00000, 0x00000000e6a00000, 0x00000000e6b00000|  0%| F|  |TAMS 0x00000000e6a00000, 0x00000000e6a00000| Untracked 
| 107|0x00000000e6b00000, 0x00000000e6b00000, 0x00000000e6c00000|  0%| F|  |TAMS 0x00000000e6b00000, 0x00000000e6b00000| Untracked 
| 108|0x00000000e6c00000, 0x00000000e6c00000, 0x00000000e6d00000|  0%| F|  |TAMS 0x00000000e6c00000, 0x00000000e6c00000| Untracked 
| 109|0x00000000e6d00000, 0x00000000e6d00000, 0x00000000e6e00000|  0%| F|  |TAMS 0x00000000e6d00000, 0x00000000e6d00000| Untracked 
| 110|0x00000000e6e00000, 0x00000000e6e00000, 0x00000000e6f00000|  0%| F|  |TAMS 0x00000000e6e00000, 0x00000000e6e00000| Untracked 
| 111|0x00000000e6f00000, 0x00000000e6f00000, 0x00000000e7000000|  0%| F|  |TAMS 0x00000000e6f00000, 0x00000000e6f00000| Untracked 
| 112|0x00000000e7000000, 0x00000000e7000000, 0x00000000e7100000|  0%| F|  |TAMS 0x00000000e7000000, 0x00000000e7000000| Untracked 
| 113|0x00000000e7100000, 0x00000000e7100000, 0x00000000e7200000|  0%| F|  |TAMS 0x00000000e7100000, 0x00000000e7100000| Untracked 
| 114|0x00000000e7200000, 0x00000000e7200000, 0x00000000e7300000|  0%| F|  |TAMS 0x00000000e7200000, 0x00000000e7200000| Untracked 
| 115|0x00000000e7300000, 0x00000000e7300000, 0x00000000e7400000|  0%| F|  |TAMS 0x00000000e7300000, 0x00000000e7300000| Untracked 
| 116|0x00000000e7400000, 0x00000000e7400000, 0x00000000e7500000|  0%| F|  |TAMS 0x00000000e7400000, 0x00000000e7400000| Untracked 
| 117|0x00000000e7500000, 0x00000000e7500000, 0x00000000e7600000|  0%| F|  |TAMS 0x00000000e7500000, 0x00000000e7500000| Untracked 
| 118|0x00000000e7600000, 0x00000000e7600000, 0x00000000e7700000|  0%| F|  |TAMS 0x00000000e7600000, 0x00000000e7600000| Untracked 
| 119|0x00000000e7700000, 0x00000000e7700000, 0x00000000e7800000|  0%| F|  |TAMS 0x00000000e7700000, 0x00000000e7700000| Untracked 
| 120|0x00000000e7800000, 0x00000000e7800000, 0x00000000e7900000|  0%| F|  |TAMS 0x00000000e7800000, 0x00000000e7800000| Untracked 
| 121|0x00000000e7900000, 0x00000000e7900000, 0x00000000e7a00000|  0%| F|  |TAMS 0x00000000e7900000, 0x00000000e7900000| Untracked 
| 122|0x00000000e7a00000, 0x00000000e7a00000, 0x00000000e7b00000|  0%| F|  |TAMS 0x00000000e7a00000, 0x00000000e7a00000| Untracked 
| 123|0x00000000e7b00000, 0x00000000e7b00000, 0x00000000e7c00000|  0%| F|  |TAMS 0x00000000e7b00000, 0x00000000e7b00000| Untracked 
| 124|0x00000000e7c00000, 0x00000000e7c00000, 0x00000000e7d00000|  0%| F|  |TAMS 0x00000000e7c00000, 0x00000000e7c00000| Untracked 
| 125|0x00000000e7d00000, 0x00000000e7d00000, 0x00000000e7e00000|  0%| F|  |TAMS 0x00000000e7d00000, 0x00000000e7d00000| Untracked 
| 126|0x00000000e7e00000, 0x00000000e7e00000, 0x00000000e7f00000|  0%| F|  |TAMS 0x00000000e7e00000, 0x00000000e7e00000| Untracked 
| 127|0x00000000e7f00000, 0x00000000e7fc5ef0, 0x00000000e8000000| 77%| S|CS|TAMS 0x00000000e7f00000, 0x00000000e7f00000| Complete 
| 128|0x00000000e8000000, 0x00000000e8100000, 0x00000000e8100000|100%| S|CS|TAMS 0x00000000e8000000, 0x00000000e8000000| Complete 
| 129|0x00000000e8100000, 0x00000000e8200000, 0x00000000e8200000|100%| S|CS|TAMS 0x00000000e8100000, 0x00000000e8100000| Complete 
| 130|0x00000000e8200000, 0x00000000e8300000, 0x00000000e8300000|100%| S|CS|TAMS 0x00000000e8200000, 0x00000000e8200000| Complete 
| 131|0x00000000e8300000, 0x00000000e8400000, 0x00000000e8400000|100%| S|CS|TAMS 0x00000000e8300000, 0x00000000e8300000| Complete 
| 132|0x00000000e8400000, 0x00000000e8500000, 0x00000000e8500000|100%| S|CS|TAMS 0x00000000e8400000, 0x00000000e8400000| Complete 
| 133|0x00000000e8500000, 0x00000000e8600000, 0x00000000e8600000|100%| S|CS|TAMS 0x00000000e8500000, 0x00000000e8500000| Complete 
| 134|0x00000000e8600000, 0x00000000e8700000, 0x00000000e8700000|100%| S|CS|TAMS 0x00000000e8600000, 0x00000000e8600000| Complete 
| 135|0x00000000e8700000, 0x00000000e8800000, 0x00000000e8800000|100%| S|CS|TAMS 0x00000000e8700000, 0x00000000e8700000| Complete 
| 136|0x00000000e8800000, 0x00000000e8900000, 0x00000000e8900000|100%| S|CS|TAMS 0x00000000e8800000, 0x00000000e8800000| Complete 
| 137|0x00000000e8900000, 0x00000000e8a00000, 0x00000000e8a00000|100%| S|CS|TAMS 0x00000000e8900000, 0x00000000e8900000| Complete 
| 138|0x00000000e8a00000, 0x00000000e8b00000, 0x00000000e8b00000|100%| S|CS|TAMS 0x00000000e8a00000, 0x00000000e8a00000| Complete 
| 139|0x00000000e8b00000, 0x00000000e8c00000, 0x00000000e8c00000|100%| S|CS|TAMS 0x00000000e8b00000, 0x00000000e8b00000| Complete 
| 140|0x00000000e8c00000, 0x00000000e8c00000, 0x00000000e8d00000|  0%| F|  |TAMS 0x00000000e8c00000, 0x00000000e8c00000| Untracked 
| 141|0x00000000e8d00000, 0x00000000e8d00000, 0x00000000e8e00000|  0%| F|  |TAMS 0x00000000e8d00000, 0x00000000e8d00000| Untracked 
| 142|0x00000000e8e00000, 0x00000000e8e00000, 0x00000000e8f00000|  0%| F|  |TAMS 0x00000000e8e00000, 0x00000000e8e00000| Untracked 
| 143|0x00000000e8f00000, 0x00000000e8f00000, 0x00000000e9000000|  0%| F|  |TAMS 0x00000000e8f00000, 0x00000000e8f00000| Untracked 
| 144|0x00000000e9000000, 0x00000000e9000000, 0x00000000e9100000|  0%| F|  |TAMS 0x00000000e9000000, 0x00000000e9000000| Untracked 
| 145|0x00000000e9100000, 0x00000000e9100000, 0x00000000e9200000|  0%| F|  |TAMS 0x00000000e9100000, 0x00000000e9100000| Untracked 
| 146|0x00000000e9200000, 0x00000000e9200000, 0x00000000e9300000|  0%| F|  |TAMS 0x00000000e9200000, 0x00000000e9200000| Untracked 
| 147|0x00000000e9300000, 0x00000000e9380800, 0x00000000e9400000| 50%| E|  |TAMS 0x00000000e9300000, 0x00000000e9300000| Complete 
| 148|0x00000000e9400000, 0x00000000e9500000, 0x00000000e9500000|100%| E|CS|TAMS 0x00000000e9400000, 0x00000000e9400000| Complete 
| 149|0x00000000e9500000, 0x00000000e9600000, 0x00000000e9600000|100%| E|CS|TAMS 0x00000000e9500000, 0x00000000e9500000| Complete 
| 150|0x00000000e9600000, 0x00000000e9700000, 0x00000000e9700000|100%| E|CS|TAMS 0x00000000e9600000, 0x00000000e9600000| Complete 
| 151|0x00000000e9700000, 0x00000000e9800000, 0x00000000e9800000|100%| E|CS|TAMS 0x00000000e9700000, 0x00000000e9700000| Complete 
| 152|0x00000000e9800000, 0x00000000e9900000, 0x00000000e9900000|100%| E|CS|TAMS 0x00000000e9800000, 0x00000000e9800000| Complete 
| 153|0x00000000e9900000, 0x00000000e9a00000, 0x00000000e9a00000|100%| E|CS|TAMS 0x00000000e9900000, 0x00000000e9900000| Complete 
| 154|0x00000000e9a00000, 0x00000000e9b00000, 0x00000000e9b00000|100%| E|CS|TAMS 0x00000000e9a00000, 0x00000000e9a00000| Complete 
| 155|0x00000000e9b00000, 0x00000000e9c00000, 0x00000000e9c00000|100%| E|CS|TAMS 0x00000000e9b00000, 0x00000000e9b00000| Complete 
| 156|0x00000000e9c00000, 0x00000000e9d00000, 0x00000000e9d00000|100%| E|CS|TAMS 0x00000000e9c00000, 0x00000000e9c00000| Complete 
| 157|0x00000000e9d00000, 0x00000000e9e00000, 0x00000000e9e00000|100%| E|CS|TAMS 0x00000000e9d00000, 0x00000000e9d00000| Complete 
| 158|0x00000000e9e00000, 0x00000000e9f00000, 0x00000000e9f00000|100%| E|CS|TAMS 0x00000000e9e00000, 0x00000000e9e00000| Complete 
| 159|0x00000000e9f00000, 0x00000000ea000000, 0x00000000ea000000|100%| E|CS|TAMS 0x00000000e9f00000, 0x00000000e9f00000| Complete 
| 160|0x00000000ea000000, 0x00000000ea100000, 0x00000000ea100000|100%| E|CS|TAMS 0x00000000ea000000, 0x00000000ea000000| Complete 
| 161|0x00000000ea100000, 0x00000000ea200000, 0x00000000ea200000|100%| E|  |TAMS 0x00000000ea100000, 0x00000000ea100000| Complete 
| 162|0x00000000ea200000, 0x00000000ea300000, 0x00000000ea300000|100%| E|CS|TAMS 0x00000000ea200000, 0x00000000ea200000| Complete 
| 163|0x00000000ea300000, 0x00000000ea400000, 0x00000000ea400000|100%| E|CS|TAMS 0x00000000ea300000, 0x00000000ea300000| Complete 
| 164|0x00000000ea400000, 0x00000000ea500000, 0x00000000ea500000|100%| E|CS|TAMS 0x00000000ea400000, 0x00000000ea400000| Complete 
| 165|0x00000000ea500000, 0x00000000ea600000, 0x00000000ea600000|100%| E|CS|TAMS 0x00000000ea500000, 0x00000000ea500000| Complete 
| 166|0x00000000ea600000, 0x00000000ea700000, 0x00000000ea700000|100%| E|CS|TAMS 0x00000000ea600000, 0x00000000ea600000| Complete 
| 167|0x00000000ea700000, 0x00000000ea800000, 0x00000000ea800000|100%| E|CS|TAMS 0x00000000ea700000, 0x00000000ea700000| Complete 
| 168|0x00000000ea800000, 0x00000000ea900000, 0x00000000ea900000|100%| E|CS|TAMS 0x00000000ea800000, 0x00000000ea800000| Complete 
| 169|0x00000000ea900000, 0x00000000eaa00000, 0x00000000eaa00000|100%| E|CS|TAMS 0x00000000ea900000, 0x00000000ea900000| Complete 
| 170|0x00000000eaa00000, 0x00000000eab00000, 0x00000000eab00000|100%| E|CS|TAMS 0x00000000eaa00000, 0x00000000eaa00000| Complete 
| 171|0x00000000eab00000, 0x00000000eac00000, 0x00000000eac00000|100%| E|CS|TAMS 0x00000000eab00000, 0x00000000eab00000| Complete 
| 172|0x00000000eac00000, 0x00000000ead00000, 0x00000000ead00000|100%| E|CS|TAMS 0x00000000eac00000, 0x00000000eac00000| Complete 
| 173|0x00000000ead00000, 0x00000000eae00000, 0x00000000eae00000|100%| E|CS|TAMS 0x00000000ead00000, 0x00000000ead00000| Complete 
| 174|0x00000000eae00000, 0x00000000eaf00000, 0x00000000eaf00000|100%| E|CS|TAMS 0x00000000eae00000, 0x00000000eae00000| Complete 
| 175|0x00000000eaf00000, 0x00000000eb000000, 0x00000000eb000000|100%| E|CS|TAMS 0x00000000eaf00000, 0x00000000eaf00000| Complete 
| 176|0x00000000eb000000, 0x00000000eb100000, 0x00000000eb100000|100%| E|CS|TAMS 0x00000000eb000000, 0x00000000eb000000| Complete 
| 177|0x00000000eb100000, 0x00000000eb200000, 0x00000000eb200000|100%| E|CS|TAMS 0x00000000eb100000, 0x00000000eb100000| Complete 
| 178|0x00000000eb200000, 0x00000000eb300000, 0x00000000eb300000|100%| E|CS|TAMS 0x00000000eb200000, 0x00000000eb200000| Complete 
| 179|0x00000000eb300000, 0x00000000eb400000, 0x00000000eb400000|100%| E|CS|TAMS 0x00000000eb300000, 0x00000000eb300000| Complete 
| 180|0x00000000eb400000, 0x00000000eb500000, 0x00000000eb500000|100%| E|CS|TAMS 0x00000000eb400000, 0x00000000eb400000| Complete 
| 181|0x00000000eb500000, 0x00000000eb600000, 0x00000000eb600000|100%| E|CS|TAMS 0x00000000eb500000, 0x00000000eb500000| Complete 
| 182|0x00000000eb600000, 0x00000000eb700000, 0x00000000eb700000|100%| E|CS|TAMS 0x00000000eb600000, 0x00000000eb600000| Complete 
| 183|0x00000000eb700000, 0x00000000eb800000, 0x00000000eb800000|100%| E|CS|TAMS 0x00000000eb700000, 0x00000000eb700000| Complete 
| 184|0x00000000eb800000, 0x00000000eb900000, 0x00000000eb900000|100%| E|CS|TAMS 0x00000000eb800000, 0x00000000eb800000| Complete 
| 185|0x00000000eb900000, 0x00000000eba00000, 0x00000000eba00000|100%| E|CS|TAMS 0x00000000eb900000, 0x00000000eb900000| Complete 
| 186|0x00000000eba00000, 0x00000000ebb00000, 0x00000000ebb00000|100%| E|CS|TAMS 0x00000000eba00000, 0x00000000eba00000| Complete 
| 187|0x00000000ebb00000, 0x00000000ebc00000, 0x00000000ebc00000|100%| E|CS|TAMS 0x00000000ebb00000, 0x00000000ebb00000| Complete 
| 188|0x00000000ebc00000, 0x00000000ebd00000, 0x00000000ebd00000|100%| E|CS|TAMS 0x00000000ebc00000, 0x00000000ebc00000| Complete 
| 189|0x00000000ebd00000, 0x00000000ebe00000, 0x00000000ebe00000|100%| E|CS|TAMS 0x00000000ebd00000, 0x00000000ebd00000| Complete 
| 190|0x00000000ebe00000, 0x00000000ebf00000, 0x00000000ebf00000|100%| E|CS|TAMS 0x00000000ebe00000, 0x00000000ebe00000| Complete 
| 191|0x00000000ebf00000, 0x00000000ec000000, 0x00000000ec000000|100%| E|CS|TAMS 0x00000000ebf00000, 0x00000000ebf00000| Complete 
| 192|0x00000000ec000000, 0x00000000ec100000, 0x00000000ec100000|100%| E|CS|TAMS 0x00000000ec000000, 0x00000000ec000000| Complete 
| 193|0x00000000ec100000, 0x00000000ec200000, 0x00000000ec200000|100%| E|CS|TAMS 0x00000000ec100000, 0x00000000ec100000| Complete 
| 194|0x00000000ec200000, 0x00000000ec300000, 0x00000000ec300000|100%| E|CS|TAMS 0x00000000ec200000, 0x00000000ec200000| Complete 
| 195|0x00000000ec300000, 0x00000000ec400000, 0x00000000ec400000|100%| E|CS|TAMS 0x00000000ec300000, 0x00000000ec300000| Complete 
| 196|0x00000000ec400000, 0x00000000ec500000, 0x00000000ec500000|100%| E|CS|TAMS 0x00000000ec400000, 0x00000000ec400000| Complete 
| 197|0x00000000ec500000, 0x00000000ec600000, 0x00000000ec600000|100%| E|CS|TAMS 0x00000000ec500000, 0x00000000ec500000| Complete 
| 198|0x00000000ec600000, 0x00000000ec700000, 0x00000000ec700000|100%| E|CS|TAMS 0x00000000ec600000, 0x00000000ec600000| Complete 
| 199|0x00000000ec700000, 0x00000000ec800000, 0x00000000ec800000|100%| E|CS|TAMS 0x00000000ec700000, 0x00000000ec700000| Complete 
| 200|0x00000000ec800000, 0x00000000ec900000, 0x00000000ec900000|100%| E|CS|TAMS 0x00000000ec800000, 0x00000000ec800000| Complete 
| 201|0x00000000ec900000, 0x00000000eca00000, 0x00000000eca00000|100%| E|CS|TAMS 0x00000000ec900000, 0x00000000ec900000| Complete 
| 202|0x00000000eca00000, 0x00000000ecb00000, 0x00000000ecb00000|100%| E|CS|TAMS 0x00000000eca00000, 0x00000000eca00000| Complete 
| 203|0x00000000ecb00000, 0x00000000ecc00000, 0x00000000ecc00000|100%| E|CS|TAMS 0x00000000ecb00000, 0x00000000ecb00000| Complete 
| 204|0x00000000ecc00000, 0x00000000ecd00000, 0x00000000ecd00000|100%| E|CS|TAMS 0x00000000ecc00000, 0x00000000ecc00000| Complete 
| 205|0x00000000ecd00000, 0x00000000ece00000, 0x00000000ece00000|100%| E|CS|TAMS 0x00000000ecd00000, 0x00000000ecd00000| Complete 
| 206|0x00000000ece00000, 0x00000000ecf00000, 0x00000000ecf00000|100%| E|CS|TAMS 0x00000000ece00000, 0x00000000ece00000| Complete 
| 207|0x00000000ecf00000, 0x00000000ed000000, 0x00000000ed000000|100%| E|CS|TAMS 0x00000000ecf00000, 0x00000000ecf00000| Complete 
| 208|0x00000000ed000000, 0x00000000ed100000, 0x00000000ed100000|100%| E|CS|TAMS 0x00000000ed000000, 0x00000000ed000000| Complete 
| 209|0x00000000ed100000, 0x00000000ed200000, 0x00000000ed200000|100%| E|CS|TAMS 0x00000000ed100000, 0x00000000ed100000| Complete 
| 210|0x00000000ed200000, 0x00000000ed300000, 0x00000000ed300000|100%| E|CS|TAMS 0x00000000ed200000, 0x00000000ed200000| Complete 
| 211|0x00000000ed300000, 0x00000000ed400000, 0x00000000ed400000|100%| E|CS|TAMS 0x00000000ed300000, 0x00000000ed300000| Complete 
| 212|0x00000000ed400000, 0x00000000ed500000, 0x00000000ed500000|100%| E|CS|TAMS 0x00000000ed400000, 0x00000000ed400000| Complete 
| 213|0x00000000ed500000, 0x00000000ed600000, 0x00000000ed600000|100%| E|CS|TAMS 0x00000000ed500000, 0x00000000ed500000| Complete 
| 214|0x00000000ed600000, 0x00000000ed700000, 0x00000000ed700000|100%| E|CS|TAMS 0x00000000ed600000, 0x00000000ed600000| Complete 
| 215|0x00000000ed700000, 0x00000000ed800000, 0x00000000ed800000|100%| E|CS|TAMS 0x00000000ed700000, 0x00000000ed700000| Complete 
| 216|0x00000000ed800000, 0x00000000ed900000, 0x00000000ed900000|100%| E|CS|TAMS 0x00000000ed800000, 0x00000000ed800000| Complete 
| 217|0x00000000ed900000, 0x00000000eda00000, 0x00000000eda00000|100%| E|CS|TAMS 0x00000000ed900000, 0x00000000ed900000| Complete 
| 218|0x00000000eda00000, 0x00000000edb00000, 0x00000000edb00000|100%| E|CS|TAMS 0x00000000eda00000, 0x00000000eda00000| Complete 
| 219|0x00000000edb00000, 0x00000000edc00000, 0x00000000edc00000|100%| E|CS|TAMS 0x00000000edb00000, 0x00000000edb00000| Complete 
| 220|0x00000000edc00000, 0x00000000edd00000, 0x00000000edd00000|100%| E|CS|TAMS 0x00000000edc00000, 0x00000000edc00000| Complete 
| 221|0x00000000edd00000, 0x00000000ede00000, 0x00000000ede00000|100%| E|CS|TAMS 0x00000000edd00000, 0x00000000edd00000| Complete 
| 222|0x00000000ede00000, 0x00000000edf00000, 0x00000000edf00000|100%| E|CS|TAMS 0x00000000ede00000, 0x00000000ede00000| Complete 
| 223|0x00000000edf00000, 0x00000000ee000000, 0x00000000ee000000|100%| E|CS|TAMS 0x00000000edf00000, 0x00000000edf00000| Complete 
| 224|0x00000000ee000000, 0x00000000ee100000, 0x00000000ee100000|100%| E|CS|TAMS 0x00000000ee000000, 0x00000000ee000000| Complete 
| 225|0x00000000ee100000, 0x00000000ee200000, 0x00000000ee200000|100%| E|CS|TAMS 0x00000000ee100000, 0x00000000ee100000| Complete 
| 226|0x00000000ee200000, 0x00000000ee300000, 0x00000000ee300000|100%| E|CS|TAMS 0x00000000ee200000, 0x00000000ee200000| Complete 
| 227|0x00000000ee300000, 0x00000000ee400000, 0x00000000ee400000|100%| E|CS|TAMS 0x00000000ee300000, 0x00000000ee300000| Complete 
| 228|0x00000000ee400000, 0x00000000ee500000, 0x00000000ee500000|100%| E|CS|TAMS 0x00000000ee400000, 0x00000000ee400000| Complete 
| 229|0x00000000ee500000, 0x00000000ee600000, 0x00000000ee600000|100%| E|CS|TAMS 0x00000000ee500000, 0x00000000ee500000| Complete 
| 230|0x00000000ee600000, 0x00000000ee700000, 0x00000000ee700000|100%| E|CS|TAMS 0x00000000ee600000, 0x00000000ee600000| Complete 
| 231|0x00000000ee700000, 0x00000000ee800000, 0x00000000ee800000|100%| E|CS|TAMS 0x00000000ee700000, 0x00000000ee700000| Complete 
| 232|0x00000000ee800000, 0x00000000ee900000, 0x00000000ee900000|100%| E|CS|TAMS 0x00000000ee800000, 0x00000000ee800000| Complete 
| 233|0x00000000ee900000, 0x00000000eea00000, 0x00000000eea00000|100%| E|CS|TAMS 0x00000000ee900000, 0x00000000ee900000| Complete 
| 234|0x00000000eea00000, 0x00000000eeb00000, 0x00000000eeb00000|100%| E|CS|TAMS 0x00000000eea00000, 0x00000000eea00000| Complete 
| 235|0x00000000eeb00000, 0x00000000eec00000, 0x00000000eec00000|100%| E|CS|TAMS 0x00000000eeb00000, 0x00000000eeb00000| Complete 
| 236|0x00000000eec00000, 0x00000000eed00000, 0x00000000eed00000|100%| E|CS|TAMS 0x00000000eec00000, 0x00000000eec00000| Complete 
| 237|0x00000000eed00000, 0x00000000eee00000, 0x00000000eee00000|100%| E|CS|TAMS 0x00000000eed00000, 0x00000000eed00000| Complete 
| 238|0x00000000eee00000, 0x00000000eef00000, 0x00000000eef00000|100%| E|CS|TAMS 0x00000000eee00000, 0x00000000eee00000| Complete 
| 239|0x00000000eef00000, 0x00000000ef000000, 0x00000000ef000000|100%| E|CS|TAMS 0x00000000eef00000, 0x00000000eef00000| Complete 
| 240|0x00000000ef000000, 0x00000000ef100000, 0x00000000ef100000|100%| E|CS|TAMS 0x00000000ef000000, 0x00000000ef000000| Complete 
| 241|0x00000000ef100000, 0x00000000ef200000, 0x00000000ef200000|100%| E|CS|TAMS 0x00000000ef100000, 0x00000000ef100000| Complete 
| 242|0x00000000ef200000, 0x00000000ef300000, 0x00000000ef300000|100%| E|CS|TAMS 0x00000000ef200000, 0x00000000ef200000| Complete 
| 243|0x00000000ef300000, 0x00000000ef400000, 0x00000000ef400000|100%| E|CS|TAMS 0x00000000ef300000, 0x00000000ef300000| Complete 
| 244|0x00000000ef400000, 0x00000000ef500000, 0x00000000ef500000|100%| E|CS|TAMS 0x00000000ef400000, 0x00000000ef400000| Complete 
| 245|0x00000000ef500000, 0x00000000ef600000, 0x00000000ef600000|100%| E|CS|TAMS 0x00000000ef500000, 0x00000000ef500000| Complete 
| 246|0x00000000ef600000, 0x00000000ef700000, 0x00000000ef700000|100%| E|CS|TAMS 0x00000000ef600000, 0x00000000ef600000| Complete 
| 247|0x00000000ef700000, 0x00000000ef800000, 0x00000000ef800000|100%| E|CS|TAMS 0x00000000ef700000, 0x00000000ef700000| Complete 
| 248|0x00000000ef800000, 0x00000000ef900000, 0x00000000ef900000|100%| E|CS|TAMS 0x00000000ef800000, 0x00000000ef800000| Complete 
| 249|0x00000000ef900000, 0x00000000efa00000, 0x00000000efa00000|100%| E|CS|TAMS 0x00000000ef900000, 0x00000000ef900000| Complete 
| 250|0x00000000efa00000, 0x00000000efb00000, 0x00000000efb00000|100%| E|CS|TAMS 0x00000000efa00000, 0x00000000efa00000| Complete 
| 251|0x00000000efb00000, 0x00000000efc00000, 0x00000000efc00000|100%| E|CS|TAMS 0x00000000efb00000, 0x00000000efb00000| Complete 
| 252|0x00000000efc00000, 0x00000000efd00000, 0x00000000efd00000|100%| E|CS|TAMS 0x00000000efc00000, 0x00000000efc00000| Complete 
| 253|0x00000000efd00000, 0x00000000efe00000, 0x00000000efe00000|100%| E|CS|TAMS 0x00000000efd00000, 0x00000000efd00000| Complete 
| 254|0x00000000efe00000, 0x00000000eff00000, 0x00000000eff00000|100%| E|CS|TAMS 0x00000000efe00000, 0x00000000efe00000| Complete 
| 255|0x00000000eff00000, 0x00000000f0000000, 0x00000000f0000000|100%| E|CS|TAMS 0x00000000eff00000, 0x00000000eff00000| Complete 

Card table byte_map: [0x000001ae47370000,0x000001ae47470000] _byte_map_base: 0x000001ae46c70000

Marking Bits (Prev, Next): (CMBitMap*) 0x000001ae30468a20, (CMBitMap*) 0x000001ae304689e0
 Prev Bits: [0x000001ae47d70000, 0x000001ae48570000)
 Next Bits: [0x000001ae47570000, 0x000001ae47d70000)

Polling page: 0x000001ae2e300000

Metaspace:

Usage:
  Non-class:     29.73 MB used.
      Class:      4.78 MB used.
       Both:     34.51 MB used.

Virtual space:
  Non-class space:       64.00 MB reserved,      29.94 MB ( 47%) committed,  1 nodes.
      Class space:      320.00 MB reserved,       4.94 MB (  2%) committed,  1 nodes.
             Both:      384.00 MB reserved,      34.88 MB (  9%) committed. 

Chunk freelists:
   Non-Class:  1.75 MB
       Class:  10.88 MB
        Both:  12.63 MB

MaxMetaspaceSize: 384.00 MB
CompressedClassSpaceSize: 320.00 MB
Initial GC threshold: 21.00 MB
Current GC threshold: 35.12 MB
CDS: on
MetaspaceReclaimPolicy: balanced
 - commit_granule_bytes: 65536.
 - commit_granule_words: 8192.
 - virtual_space_node_default_size: 8388608.
 - enlarge_chunks_in_place: 1.
 - new_chunks_are_fully_committed: 0.
 - uncommit_free_chunks: 1.
 - use_allocation_guard: 0.
 - handle_deallocations: 1.


Internal statistics:

num_allocs_failed_limit: 3.
num_arena_births: 398.
num_arena_deaths: 0.
num_vsnodes_births: 2.
num_vsnodes_deaths: 0.
num_space_committed: 558.
num_space_uncommitted: 0.
num_chunks_returned_to_freelist: 3.
num_chunks_taken_from_freelist: 1687.
num_chunk_merges: 3.
num_chunk_splits: 1125.
num_chunks_enlarged: 781.
num_inconsistent_stats: 0.

CodeHeap 'non-profiled nmethods': size=120000Kb used=2609Kb max_used=2609Kb free=117390Kb
 bounds [0x000001ae3fa10000, 0x000001ae3fca0000, 0x000001ae46f40000]
CodeHeap 'profiled nmethods': size=120000Kb used=8527Kb max_used=8527Kb free=111472Kb
 bounds [0x000001ae37f40000, 0x000001ae387a0000, 0x000001ae3f470000]
CodeHeap 'non-nmethods': size=5760Kb used=2303Kb max_used=2339Kb free=3456Kb
 bounds [0x000001ae3f470000, 0x000001ae3f6e0000, 0x000001ae3fa10000]
 total_blobs=4872 nmethods=4074 adapters=710
 compilation: enabled
              stopped_count=0, restarted_count=0
 full_count=0

Compilation events (20 events):
Event: 9.532 Thread 0x000001ae4afc96d0 4036       3       sun.reflect.generics.reflectiveObjects.ParameterizedTypeImpl::validateConstructorArguments (82 bytes)
Event: 9.534 Thread 0x000001ae4afc96d0 nmethod 4036 0x000001ae38776210 code [0x000001ae38776580, 0x000001ae38777fd8]
Event: 9.534 Thread 0x000001ae4afc96d0 4037       3       com.sun.beans.introspect.PropertyInfo::isPrefix (25 bytes)
Event: 9.534 Thread 0x000001ae4afc96d0 nmethod 4037 0x000001ae38778810 code [0x000001ae387789e0, 0x000001ae38778e08]
Event: 9.535 Thread 0x000001ae4afc96d0 4038       3       java.util.Collections$UnmodifiableMap$UnmodifiableEntrySet$1::hasNext (10 bytes)
Event: 9.535 Thread 0x000001ae4afc96d0 nmethod 4038 0x000001ae38779010 code [0x000001ae387791c0, 0x000001ae38779388]
Event: 9.537 Thread 0x000001ae4afc96d0 4039       3       java.util.HashMap::keysToArray (81 bytes)
Event: 9.537 Thread 0x000001ae4afc96d0 nmethod 4039 0x000001ae38779490 code [0x000001ae38779660, 0x000001ae38779b18]
Event: 9.544 Thread 0x000001ae675868c0 nmethod 4026 0x000001ae3fc95710 code [0x000001ae3fc95940, 0x000001ae3fc96110]
Event: 9.780 Thread 0x000001ae4afc96d0 4040       3       java.util.concurrent.locks.AbstractQueuedSynchronizer$Node::setStatusRelaxed (12 bytes)
Event: 9.780 Thread 0x000001ae4afc96d0 nmethod 4040 0x000001ae38779d10 code [0x000001ae38779ea0, 0x000001ae38779fb8]
Event: 10.107 Thread 0x000001ae4afc96d0 4041       3       jdk.internal.misc.Unsafe::putIntOpaque (9 bytes)
Event: 10.107 Thread 0x000001ae4afc96d0 nmethod 4041 0x000001ae3877a090 code [0x000001ae3877a220, 0x000001ae3877a338]
Event: 10.107 Thread 0x000001ae4afc96d0 4042       1       javax.management.ObjectName$Property::setKeyIndex (6 bytes)
Event: 10.108 Thread 0x000001ae4afc96d0 nmethod 4042 0x000001ae3fc96910 code [0x000001ae3fc96aa0, 0x000001ae3fc96b78]
Event: 10.108 Thread 0x000001ae4afc96d0 4043       1       sun.management.MemoryPoolImpl::getName (5 bytes)
Event: 10.108 Thread 0x000001ae4afc96d0 nmethod 4043 0x000001ae3fc96c10 code [0x000001ae3fc96da0, 0x000001ae3fc96e78]
Event: 10.170 Thread 0x000001ae4afc96d0 4044       3       java.util.concurrent.locks.LockSupport::parkNanos (29 bytes)
Event: 10.170 Thread 0x000001ae4afc96d0 nmethod 4044 0x000001ae3877a410 code [0x000001ae3877a5e0, 0x000001ae3877a7e8]
Event: 10.356 Thread 0x000001ae4afc96d0 4045       3       java.util.concurrent.locks.AbstractQueuedSynchronizer$ConditionObject::unlinkCancelledWaiters (91 bytes)

GC Heap History (6 events):
Event: 1.491 GC heap before
{Heap before GC invocations=0 (full 0):
 garbage-first heap   total 262144K, used 26624K [0x00000000e0000000, 0x0000000100000000)
  region size 1024K, 23 young (23552K), 0 survivors (0K)
 Metaspace       used 3074K, committed 3200K, reserved 393216K
  class space    used 394K, committed 448K, reserved 327680K
}
Event: 1.498 GC heap after
{Heap after GC invocations=1 (full 0):
 garbage-first heap   total 262144K, used 10881K [0x00000000e0000000, 0x0000000100000000)
  region size 1024K, 3 young (3072K), 3 survivors (3072K)
 Metaspace       used 3074K, committed 3200K, reserved 393216K
  class space    used 394K, committed 448K, reserved 327680K
}
Event: 2.471 GC heap before
{Heap before GC invocations=1 (full 0):
 garbage-first heap   total 262144K, used 38529K [0x00000000e0000000, 0x0000000100000000)
  region size 1024K, 30 young (30720K), 3 survivors (3072K)
 Metaspace       used 4068K, committed 4224K, reserved 393216K
  class space    used 497K, committed 576K, reserved 327680K
}
Event: 2.474 GC heap after
{Heap after GC invocations=2 (full 0):
 garbage-first heap   total 262144K, used 11987K [0x00000000e0000000, 0x0000000100000000)
  region size 1024K, 1 young (1024K), 1 survivors (1024K)
 Metaspace       used 4068K, committed 4224K, reserved 393216K
  class space    used 497K, committed 576K, reserved 327680K
}
Event: 6.211 GC heap before
{Heap before GC invocations=2 (full 0):
 garbage-first heap   total 262144K, used 137939K [0x00000000e0000000, 0x0000000100000000)
  region size 1024K, 116 young (118784K), 1 survivors (1024K)
 Metaspace       used 21181K, committed 21504K, reserved 393216K
  class space    used 3129K, committed 3328K, reserved 327680K
}
Event: 6.224 GC heap after
{Heap after GC invocations=3 (full 0):
 garbage-first heap   total 262144K, used 32334K [0x00000000e0000000, 0x0000000100000000)
  region size 1024K, 13 young (13312K), 13 survivors (13312K)
 Metaspace       used 21181K, committed 21504K, reserved 393216K
  class space    used 3129K, committed 3328K, reserved 327680K
}

Dll operation events (14 events):
Event: 0.038 Loaded shared library C:\Users\zapza\.jdks\corretto-17.0.9\bin\java.dll
Event: 0.086 Loaded shared library C:\Users\zapza\.jdks\corretto-17.0.9\bin\jsvml.dll
Event: 0.200 Loaded shared library C:\Users\zapza\.jdks\corretto-17.0.9\bin\zip.dll
Event: 0.218 Loaded shared library C:\Users\zapza\.jdks\corretto-17.0.9\bin\instrument.dll
Event: 0.229 Loaded shared library C:\Users\zapza\.jdks\corretto-17.0.9\bin\net.dll
Event: 0.235 Loaded shared library C:\Users\zapza\.jdks\corretto-17.0.9\bin\nio.dll
Event: 0.241 Loaded shared library C:\Users\zapza\.jdks\corretto-17.0.9\bin\zip.dll
Event: 0.746 Loaded shared library C:\Users\zapza\.jdks\corretto-17.0.9\bin\jimage.dll
Event: 0.925 Loaded shared library C:\Users\zapza\.jdks\corretto-17.0.9\bin\verify.dll
Event: 1.292 Loaded shared library C:\Users\zapza\.gradle\native\c067742578af261105cb4f569cf0c3c89f3d7b1fecec35dd04571415982c5e48\windows-amd64\native-platform.dll
Event: 1.311 Loaded shared library C:\Users\zapza\.gradle\native\38dada09dfb8b06ba9b0570ebf7e218e3eb74d4ef43ca46872605cf95ebc2f47\windows-amd64\native-platform-file-events.dll
Event: 3.042 Loaded shared library C:\Users\zapza\.jdks\corretto-17.0.9\bin\management.dll
Event: 3.048 Loaded shared library C:\Users\zapza\.jdks\corretto-17.0.9\bin\management_ext.dll
Event: 4.216 Loaded shared library C:\Users\zapza\.jdks\corretto-17.0.9\bin\sunmscapi.dll

Deoptimization events (20 events):
Event: 9.110 Thread 0x000001ae6601c9c0 Uncommon trap: trap_request=0xffffffc6 fr.pc=0x000001ae3fc567bc relative=0x000000000000009c
Event: 9.110 Thread 0x000001ae6601c9c0 Uncommon trap: reason=bimorphic_or_optimized_type_check action=maybe_recompile pc=0x000001ae3fc567bc method=java.util.stream.Sink$ChainedReference.cancellationRequested()Z @ 4 c2
Event: 9.110 Thread 0x000001ae6601c9c0 DEOPT PACKING pc=0x000001ae3fc567bc sp=0x0000007d967fe850
Event: 9.110 Thread 0x000001ae6601c9c0 DEOPT UNPACKING pc=0x000001ae3f4ca1a3 sp=0x0000007d967fe7d8 mode 2
Event: 9.148 Thread 0x000001ae66413430 Uncommon trap: trap_request=0xffffffbe fr.pc=0x000001ae3fc67eb8 relative=0x00000000000006f8
Event: 9.148 Thread 0x000001ae66413430 Uncommon trap: reason=profile_predicate action=maybe_recompile pc=0x000001ae3fc67eb8 method=java.lang.PublicMethods$MethodList.filter([Ljava/lang/reflect/Method;Ljava/lang/String;[Ljava/lang/Class;Z)Ljava/lang/PublicMethods$MethodList; @ 21 c2
Event: 9.148 Thread 0x000001ae66413430 DEOPT PACKING pc=0x000001ae3fc67eb8 sp=0x0000007d96df8bd0
Event: 9.148 Thread 0x000001ae66413430 DEOPT UNPACKING pc=0x000001ae3f4ca1a3 sp=0x0000007d96df8b88 mode 2
Event: 9.148 Thread 0x000001ae66413430 Uncommon trap: trap_request=0xffffffbe fr.pc=0x000001ae3fc67eb8 relative=0x00000000000006f8
Event: 9.148 Thread 0x000001ae66413430 Uncommon trap: reason=profile_predicate action=maybe_recompile pc=0x000001ae3fc67eb8 method=java.lang.PublicMethods$MethodList.filter([Ljava/lang/reflect/Method;Ljava/lang/String;[Ljava/lang/Class;Z)Ljava/lang/PublicMethods$MethodList; @ 21 c2
Event: 9.148 Thread 0x000001ae66413430 DEOPT PACKING pc=0x000001ae3fc67eb8 sp=0x0000007d96df8bd0
Event: 9.148 Thread 0x000001ae66413430 DEOPT UNPACKING pc=0x000001ae3f4ca1a3 sp=0x0000007d96df8b88 mode 2
Event: 9.148 Thread 0x000001ae66413430 Uncommon trap: trap_request=0xffffffbe fr.pc=0x000001ae3fc67eb8 relative=0x00000000000006f8
Event: 9.148 Thread 0x000001ae66413430 Uncommon trap: reason=profile_predicate action=maybe_recompile pc=0x000001ae3fc67eb8 method=java.lang.PublicMethods$MethodList.filter([Ljava/lang/reflect/Method;Ljava/lang/String;[Ljava/lang/Class;Z)Ljava/lang/PublicMethods$MethodList; @ 21 c2
Event: 9.148 Thread 0x000001ae66413430 DEOPT PACKING pc=0x000001ae3fc67eb8 sp=0x0000007d96df8610
Event: 9.148 Thread 0x000001ae66413430 DEOPT UNPACKING pc=0x000001ae3f4ca1a3 sp=0x0000007d96df85c8 mode 2
Event: 9.148 Thread 0x000001ae66413430 Uncommon trap: trap_request=0xffffffbe fr.pc=0x000001ae3fc67eb8 relative=0x00000000000006f8
Event: 9.148 Thread 0x000001ae66413430 Uncommon trap: reason=profile_predicate action=maybe_recompile pc=0x000001ae3fc67eb8 method=java.lang.PublicMethods$MethodList.filter([Ljava/lang/reflect/Method;Ljava/lang/String;[Ljava/lang/Class;Z)Ljava/lang/PublicMethods$MethodList; @ 21 c2
Event: 9.148 Thread 0x000001ae66413430 DEOPT PACKING pc=0x000001ae3fc67eb8 sp=0x0000007d96df8610
Event: 9.148 Thread 0x000001ae66413430 DEOPT UNPACKING pc=0x000001ae3f4ca1a3 sp=0x0000007d96df85c8 mode 2

Classes unloaded (0 events):
No events

Classes redefined (0 events):
No events

Internal exceptions (20 events):
Event: 9.025 Thread 0x000001ae66413430 Exception <a 'java/lang/ClassNotFoundException'{0x00000000ea221d78}: groovy/lang/ClosureBeanInfo> (0x00000000ea221d78) 
thrown [s\src\hotspot\share\classfile\systemDictionary.cpp, line 256]
Event: 9.031 Thread 0x000001ae66413430 Exception <a 'java/lang/ClassNotFoundException'{0x00000000ea245ec8}: groovy/lang/ClosureCustomizer> (0x00000000ea245ec8) 
thrown [s\src\hotspot\share\classfile\systemDictionary.cpp, line 256]
Event: 9.038 Thread 0x000001ae66413430 Exception <a 'java/lang/ClassNotFoundException'{0x00000000ea28e128}: groovy/lang/Closure$1Customizer> (0x00000000ea28e128) 
thrown [s\src\hotspot\share\classfile\systemDictionary.cpp, line 256]
Event: 9.116 Thread 0x000001ae66413430 Exception <a 'java/lang/NoSuchMethodError'{0x00000000ea1c6258}: 'void java.lang.invoke.Invokers$Holder.invoke_MT(java.lang.Object, java.lang.Object, java.lang.Object, java.lang.Object)'> (0x00000000ea1c6258) 
thrown [s\src\hotspot\share\interpreter\linkResolver.cpp, line 759]
Event: 9.153 Thread 0x000001ae66413430 Exception <a 'java/lang/ClassNotFoundException'{0x00000000e9f913e8}: org/gradle/invocation/DefaultGradle_DecoratedBeanInfo> (0x00000000e9f913e8) 
thrown [s\src\hotspot\share\classfile\systemDictionary.cpp, line 256]
Event: 9.154 Thread 0x000001ae66413430 Exception <a 'java/lang/ClassNotFoundException'{0x00000000e9fa14f8}: org/gradle/invocation/DefaultGradleBeanInfo> (0x00000000e9fa14f8) 
thrown [s\src\hotspot\share\classfile\systemDictionary.cpp, line 256]
Event: 9.155 Thread 0x000001ae66413430 Exception <a 'java/lang/ClassNotFoundException'{0x00000000e9fb1d20}: org/gradle/api/internal/project/AbstractPluginAwareBeanInfo> (0x00000000e9fb1d20) 
thrown [s\src\hotspot\share\classfile\systemDictionary.cpp, line 256]
Event: 9.157 Thread 0x000001ae66413430 Exception <a 'java/lang/ClassNotFoundException'{0x00000000e9fc22c8}: org/gradle/api/internal/project/AbstractPluginAwareCustomizer> (0x00000000e9fc22c8) 
thrown [s\src\hotspot\share\classfile\systemDictionary.cpp, line 256]
Event: 9.159 Thread 0x000001ae66413430 Exception <a 'java/lang/ClassNotFoundException'{0x00000000e9fd8020}: org/gradle/invocation/DefaultGradleCustomizer> (0x00000000e9fd8020) 
thrown [s\src\hotspot\share\classfile\systemDictionary.cpp, line 256]
Event: 9.166 Thread 0x000001ae66413430 Exception <a 'java/lang/ClassNotFoundException'{0x00000000e9e185e0}: org/gradle/invocation/DefaultGradle_DecoratedCustomizer> (0x00000000e9e185e0) 
thrown [s\src\hotspot\share\classfile\systemDictionary.cpp, line 256]
Event: 9.310 Thread 0x000001ae66413430 Exception <a 'java/lang/ClassNotFoundException'{0x00000000e9cf8b40}: ijMapper1_appqy5d6gwm2xvaomu6tqgljyBeanInfo> (0x00000000e9cf8b40) 
thrown [s\src\hotspot\share\classfile\systemDictionary.cpp, line 256]
Event: 9.311 Thread 0x000001ae66413430 Exception <a 'java/lang/ClassNotFoundException'{0x00000000e9cff4b8}: ijMapper1_appqy5d6gwm2xvaomu6tqgljyCustomizer> (0x00000000e9cff4b8) 
thrown [s\src\hotspot\share\classfile\systemDictionary.cpp, line 256]
Event: 9.441 Thread 0x000001ae66413430 Exception <a 'java/lang/ClassNotFoundException'{0x00000000e99986b8}: ijInit1_f4ei3wol4i7t5hd2e1fj428jbBeanInfo> (0x00000000e99986b8) 
thrown [s\src\hotspot\share\classfile\systemDictionary.cpp, line 256]
Event: 9.442 Thread 0x000001ae66413430 Exception <a 'java/lang/ClassNotFoundException'{0x00000000e999f030}: ijInit1_f4ei3wol4i7t5hd2e1fj428jbCustomizer> (0x00000000e999f030) 
thrown [s\src\hotspot\share\classfile\systemDictionary.cpp, line 256]
Event: 9.451 Thread 0x000001ae66413430 Exception <a 'java/lang/ClassNotFoundException'{0x00000000e99e64f8}: org/gradle/internal/metaobject/ConfigureDelegateBeanInfo> (0x00000000e99e64f8) 
thrown [s\src\hotspot\share\classfile\systemDictionary.cpp, line 256]
Event: 9.453 Thread 0x000001ae66413430 Exception <a 'java/lang/ClassNotFoundException'{0x00000000e99f6a78}: org/gradle/internal/metaobject/ConfigureDelegateCustomizer> (0x00000000e99f6a78) 
thrown [s\src\hotspot\share\classfile\systemDictionary.cpp, line 256]
Event: 9.503 Thread 0x000001ae66413430 Exception <a 'java/lang/ClassNotFoundException'{0x00000000e98cb310}: org/gradle/api/internal/initialization/DefaultScriptHandler_DecoratedBeanInfo> (0x00000000e98cb310) 
thrown [s\src\hotspot\share\classfile\systemDictionary.cpp, line 256]
Event: 9.504 Thread 0x000001ae66413430 Exception <a 'java/lang/ClassNotFoundException'{0x00000000e98dced0}: org/gradle/api/internal/initialization/DefaultScriptHandlerBeanInfo> (0x00000000e98dced0) 
thrown [s\src\hotspot\share\classfile\systemDictionary.cpp, line 256]
Event: 9.507 Thread 0x000001ae66413430 Exception <a 'java/lang/ClassNotFoundException'{0x00000000e98ee7b8}: org/gradle/api/internal/initialization/DefaultScriptHandlerCustomizer> (0x00000000e98ee7b8) 
thrown [s\src\hotspot\share\classfile\systemDictionary.cpp, line 256]
Event: 9.530 Thread 0x000001ae66413430 Exception <a 'java/lang/ClassNotFoundException'{0x00000000e970c5e0}: org/gradle/api/internal/initialization/DefaultScriptHandler_DecoratedCustomizer> (0x00000000e970c5e0) 
thrown [s\src\hotspot\share\classfile\systemDictionary.cpp, line 256]

VM Operations (20 events):
Event: 8.297 Executing VM operation: HandshakeAllThreads
Event: 8.298 Executing VM operation: HandshakeAllThreads done
Event: 8.318 Executing VM operation: ICBufferFull
Event: 8.318 Executing VM operation: ICBufferFull done
Event: 8.461 Executing VM operation: HandshakeAllThreads
Event: 8.461 Executing VM operation: HandshakeAllThreads done
Event: 8.461 Executing VM operation: HandshakeAllThreads
Event: 8.461 Executing VM operation: HandshakeAllThreads done
Event: 8.481 Executing VM operation: HandshakeAllThreads
Event: 8.481 Executing VM operation: HandshakeAllThreads done
Event: 8.486 Executing VM operation: HandshakeAllThreads
Event: 8.487 Executing VM operation: HandshakeAllThreads done
Event: 8.504 Executing VM operation: HandshakeAllThreads
Event: 8.504 Executing VM operation: HandshakeAllThreads done
Event: 8.676 Executing VM operation: HandshakeAllThreads
Event: 8.676 Executing VM operation: HandshakeAllThreads done
Event: 9.023 Executing VM operation: ICBufferFull
Event: 9.023 Executing VM operation: ICBufferFull done
Event: 10.029 Executing VM operation: Cleanup
Event: 10.603 Executing VM operation: Cleanup done

Events (20 events):
Event: 8.894 loading class java/util/WeakHashMap$KeyIterator
Event: 8.894 loading class java/util/WeakHashMap$HashIterator
Event: 8.895 loading class java/util/WeakHashMap$HashIterator done
Event: 8.895 loading class java/util/WeakHashMap$KeyIterator done
Event: 9.038 loading class com/sun/beans/finder/MethodFinder
Event: 9.038 loading class com/sun/beans/finder/AbstractFinder
Event: 9.039 loading class com/sun/beans/finder/AbstractFinder done
Event: 9.039 loading class com/sun/beans/finder/MethodFinder done
Event: 9.039 loading class com/sun/beans/finder/MethodFinder$1
Event: 9.039 loading class com/sun/beans/finder/MethodFinder$1 done
Event: 9.040 loading class com/sun/beans/finder/FinderUtils
Event: 9.040 loading class com/sun/beans/finder/FinderUtils done
Event: 9.317 loading class jdk/internal/reflect/UnsafeObjectFieldAccessorImpl
Event: 9.317 loading class jdk/internal/reflect/UnsafeObjectFieldAccessorImpl done
Event: 9.325 loading class sun/reflect/MagicAccessorImpl
Event: 9.325 loading class sun/reflect/MagicAccessorImpl done
Event: 9.466 loading class java/util/function/IntBinaryOperator
Event: 9.466 loading class java/util/function/IntBinaryOperator done
Event: 10.603 Thread 0x000001ae675868c0 Thread exited: 0x000001ae675868c0
Event: 10.603 Thread 0x000001ae69407820 Thread exited: 0x000001ae69407820


Dynamic libraries:
0x00007ff6e1af0000 - 0x00007ff6e1afe000 	C:\Users\zapza\.jdks\corretto-17.0.9\bin\java.exe
0x00007fff262a0000 - 0x00007fff26503000 	C:\WINDOWS\SYSTEM32\ntdll.dll
0x00007fff240c0000 - 0x00007fff24187000 	C:\WINDOWS\System32\KERNEL32.DLL
0x00007fff23540000 - 0x00007fff23909000 	C:\WINDOWS\System32\KERNELBASE.dll
0x00007fff23eb0000 - 0x00007fff23ffc000 	C:\WINDOWS\System32\ucrtbase.dll
0x00007fff04250000 - 0x00007fff04267000 	C:\Users\zapza\.jdks\corretto-17.0.9\bin\jli.dll
0x00007fff24310000 - 0x00007fff244da000 	C:\WINDOWS\System32\USER32.dll
0x00007fff23d40000 - 0x00007fff23d67000 	C:\WINDOWS\System32\win32u.dll
0x00007fff02380000 - 0x00007fff0239b000 	C:\Users\zapza\.jdks\corretto-17.0.9\bin\VCRUNTIME140.dll
0x00007fff25820000 - 0x00007fff2584a000 	C:\WINDOWS\System32\GDI32.dll
0x00007fff23d70000 - 0x00007fff23ea1000 	C:\WINDOWS\System32\gdi32full.dll
0x00007fff23910000 - 0x00007fff239b3000 	C:\WINDOWS\System32\msvcp_win.dll
0x00007fff067a0000 - 0x00007fff06a30000 	C:\WINDOWS\WinSxS\amd64_microsoft.windows.common-controls_6595b64144ccf1df_6.0.26100.3323_none_3e088096e3344490\COMCTL32.dll
0x00007fff24760000 - 0x00007fff24809000 	C:\WINDOWS\System32\msvcrt.dll
0x00007fff257e0000 - 0x00007fff2580f000 	C:\WINDOWS\System32\IMM32.DLL
0x00007fff17230000 - 0x00007fff1723c000 	C:\Users\zapza\.jdks\corretto-17.0.9\bin\vcruntime140_1.dll
0x00007ffef5440000 - 0x00007ffef54cd000 	C:\Users\zapza\.jdks\corretto-17.0.9\bin\msvcp140.dll
0x00007ffec9de0000 - 0x00007ffecaa41000 	C:\Users\zapza\.jdks\corretto-17.0.9\bin\server\jvm.dll
0x00007fff24190000 - 0x00007fff24242000 	C:\WINDOWS\System32\ADVAPI32.dll
0x00007fff24260000 - 0x00007fff24306000 	C:\WINDOWS\System32\sechost.dll
0x00007fff24810000 - 0x00007fff24926000 	C:\WINDOWS\System32\RPCRT4.dll
0x00007fff22d70000 - 0x00007fff22dbe000 	C:\WINDOWS\SYSTEM32\POWRPROF.dll
0x00007ffef6260000 - 0x00007ffef626a000 	C:\WINDOWS\SYSTEM32\WSOCK32.dll
0x00007fff25040000 - 0x00007fff250b4000 	C:\WINDOWS\System32\WS2_32.dll
0x00007fff18340000 - 0x00007fff1834b000 	C:\WINDOWS\SYSTEM32\VERSION.dll
0x00007fff11c30000 - 0x00007fff11c66000 	C:\WINDOWS\SYSTEM32\WINMM.dll
0x00007fff22cc0000 - 0x00007fff22cd4000 	C:\WINDOWS\SYSTEM32\UMPDC.dll
0x00007fff222c0000 - 0x00007fff222da000 	C:\WINDOWS\SYSTEM32\kernel.appcore.dll
0x00007fff168e0000 - 0x00007fff168ea000 	C:\Users\zapza\.jdks\corretto-17.0.9\bin\jimage.dll
0x00007fff204f0000 - 0x00007fff20731000 	C:\WINDOWS\SYSTEM32\DBGHELP.DLL
0x00007fff25a30000 - 0x00007fff25db2000 	C:\WINDOWS\System32\combase.dll
0x00007fff24cc0000 - 0x00007fff24d96000 	C:\WINDOWS\System32\OLEAUT32.dll
0x00007fff0b420000 - 0x00007fff0b459000 	C:\WINDOWS\SYSTEM32\dbgcore.DLL
0x00007fff234a0000 - 0x00007fff23539000 	C:\WINDOWS\System32\bcryptPrimitives.dll
0x00007fff195c0000 - 0x00007fff195ce000 	C:\Users\zapza\.jdks\corretto-17.0.9\bin\instrument.dll
0x00007ffef53e0000 - 0x00007ffef5405000 	C:\Users\zapza\.jdks\corretto-17.0.9\bin\java.dll
0x00007ffee95c0000 - 0x00007ffee9697000 	C:\Users\zapza\.jdks\corretto-17.0.9\bin\jsvml.dll
0x00007fff250c0000 - 0x00007fff257d5000 	C:\WINDOWS\System32\SHELL32.dll
0x00007fff23bd0000 - 0x00007fff23d38000 	C:\WINDOWS\System32\wintypes.dll
0x00007fff21150000 - 0x00007fff21995000 	C:\WINDOWS\SYSTEM32\windows.storage.dll
0x00007fff24f50000 - 0x00007fff2503b000 	C:\WINDOWS\System32\SHCORE.dll
0x00007fff244e0000 - 0x00007fff2453d000 	C:\WINDOWS\System32\shlwapi.dll
0x00007fff233b0000 - 0x00007fff233df000 	C:\WINDOWS\SYSTEM32\profapi.dll
0x00007fff02360000 - 0x00007fff02378000 	C:\Users\zapza\.jdks\corretto-17.0.9\bin\zip.dll
0x00007ffef8150000 - 0x00007ffef8169000 	C:\Users\zapza\.jdks\corretto-17.0.9\bin\net.dll
0x00007fff1e930000 - 0x00007fff1ea4e000 	C:\WINDOWS\SYSTEM32\WINHTTP.dll
0x00007fff227e0000 - 0x00007fff2284a000 	C:\WINDOWS\system32\mswsock.dll
0x00007ffef8130000 - 0x00007ffef8146000 	C:\Users\zapza\.jdks\corretto-17.0.9\bin\nio.dll
0x00007fff15f10000 - 0x00007fff15f20000 	C:\Users\zapza\.jdks\corretto-17.0.9\bin\verify.dll
0x00007fff0ad50000 - 0x00007fff0ad77000 	C:\Users\zapza\.gradle\native\c067742578af261105cb4f569cf0c3c89f3d7b1fecec35dd04571415982c5e48\windows-amd64\native-platform.dll
0x00007ffee3d70000 - 0x00007ffee3eb4000 	C:\Users\zapza\.gradle\native\38dada09dfb8b06ba9b0570ebf7e218e3eb74d4ef43ca46872605cf95ebc2f47\windows-amd64\native-platform-file-events.dll
0x00007fff19480000 - 0x00007fff19489000 	C:\Users\zapza\.jdks\corretto-17.0.9\bin\management.dll
0x00007fff17680000 - 0x00007fff1768b000 	C:\Users\zapza\.jdks\corretto-17.0.9\bin\management_ext.dll
0x00007fff24250000 - 0x00007fff24258000 	C:\WINDOWS\System32\PSAPI.DLL
0x00007fff22a90000 - 0x00007fff22aac000 	C:\WINDOWS\SYSTEM32\CRYPTSP.dll
0x00007fff22200000 - 0x00007fff2223a000 	C:\WINDOWS\system32\rsaenh.dll
0x00007fff22880000 - 0x00007fff228ab000 	C:\WINDOWS\SYSTEM32\USERENV.dll
0x00007fff22dd0000 - 0x00007fff22df6000 	C:\WINDOWS\SYSTEM32\bcrypt.dll
0x00007fff22a80000 - 0x00007fff22a8c000 	C:\WINDOWS\SYSTEM32\CRYPTBASE.dll
0x00007fff21d60000 - 0x00007fff21d93000 	C:\WINDOWS\SYSTEM32\IPHLPAPI.DLL
0x00007fff24750000 - 0x00007fff2475a000 	C:\WINDOWS\System32\NSI.dll
0x00007fff1ec10000 - 0x00007fff1ec2f000 	C:\WINDOWS\SYSTEM32\dhcpcsvc6.DLL
0x00007fff1eb00000 - 0x00007fff1eb25000 	C:\WINDOWS\SYSTEM32\dhcpcsvc.DLL
0x00007fff21da0000 - 0x00007fff21ec5000 	C:\WINDOWS\SYSTEM32\DNSAPI.dll
0x00007fff16880000 - 0x00007fff1688e000 	C:\Users\zapza\.jdks\corretto-17.0.9\bin\sunmscapi.dll
0x00007fff23a50000 - 0x00007fff23bc7000 	C:\WINDOWS\System32\CRYPT32.dll
0x00007fff22d30000 - 0x00007fff22d60000 	C:\WINDOWS\SYSTEM32\ncrypt.dll
0x00007fff22ce0000 - 0x00007fff22d1f000 	C:\WINDOWS\SYSTEM32\NTASN1.dll
0x00007fff1fee0000 - 0x00007fff1fee8000 	C:\WINDOWS\system32\wshunix.dll

dbghelp: loaded successfully - version: 4.0.5 - missing functions: none
symbol engine: initialized successfully - sym options: 0x614 - pdb path: .;C:\Users\zapza\.jdks\corretto-17.0.9\bin;C:\WINDOWS\SYSTEM32;C:\WINDOWS\WinSxS\amd64_microsoft.windows.common-controls_6595b64144ccf1df_6.0.26100.3323_none_3e088096e3344490;C:\Users\zapza\.jdks\corretto-17.0.9\bin\server;C:\Users\zapza\.gradle\native\c067742578af261105cb4f569cf0c3c89f3d7b1fecec35dd04571415982c5e48\windows-amd64;C:\Users\zapza\.gradle\native\38dada09dfb8b06ba9b0570ebf7e218e3eb74d4ef43ca46872605cf95ebc2f47\windows-amd64

VM Arguments:
jvm_args: --add-opens=java.base/java.util=ALL-UNNAMED --add-opens=java.base/java.lang=ALL-UNNAMED --add-opens=java.base/java.lang.invoke=ALL-UNNAMED --add-opens=java.prefs/java.util.prefs=ALL-UNNAMED --add-opens=java.base/java.nio.charset=ALL-UNNAMED --add-opens=java.base/java.net=ALL-UNNAMED --add-opens=java.base/java.util.concurrent.atomic=ALL-UNNAMED -XX:MaxMetaspaceSize=384m -XX:+HeapDumpOnOutOfMemoryError -Xms256m -Xmx512m -Dfile.encoding=UTF-8 -Duser.country=US -Duser.language=en -Duser.variant -javaagent:C:\Users\zapza\.gradle\wrapper\dists\gradle-8.4-bin\1w5dpkrfk8irigvoxmyhowfim\gradle-8.4\lib\agents\gradle-instrumentation-agent-8.4.jar 
java_command: org.gradle.launcher.daemon.bootstrap.GradleDaemon 8.4
java_class_path (initial): C:\Users\zapza\.gradle\wrapper\dists\gradle-8.4-bin\1w5dpkrfk8irigvoxmyhowfim\gradle-8.4\lib\gradle-launcher-8.4.jar
Launcher Type: SUN_STANDARD

[Global flags]
     intx CICompilerCount                          = 4                                         {product} {ergonomic}
   size_t CompressedClassSpaceSize                 = 335544320                                 {product} {ergonomic}
     uint ConcGCThreads                            = 2                                         {product} {ergonomic}
     uint G1ConcRefinementThreads                  = 8                                         {product} {ergonomic}
   size_t G1HeapRegionSize                         = 1048576                                   {product} {ergonomic}
    uintx GCDrainStackTargetSize                   = 64                                        {product} {ergonomic}
     bool HeapDumpOnOutOfMemoryError               = true                                   {manageable} {command line}
   size_t InitialHeapSize                          = 268435456                                 {product} {command line}
   size_t MarkStackSize                            = 4194304                                   {product} {ergonomic}
   size_t MaxHeapSize                              = 536870912                                 {product} {command line}
   size_t MaxMetaspaceSize                         = 402653184                                 {product} {command line}
   size_t MaxNewSize                               = 321912832                                 {product} {ergonomic}
   size_t MinHeapDeltaBytes                        = 1048576                                   {product} {ergonomic}
   size_t MinHeapSize                              = 268435456                                 {product} {command line}
    uintx NonNMethodCodeHeapSize                   = 5839372                                {pd product} {ergonomic}
    uintx NonProfiledCodeHeapSize                  = 122909434                              {pd product} {ergonomic}
    uintx ProfiledCodeHeapSize                     = 122909434                              {pd product} {ergonomic}
    uintx ReservedCodeCacheSize                    = 251658240                              {pd product} {ergonomic}
     bool SegmentedCodeCache                       = true                                      {product} {ergonomic}
   size_t SoftMaxHeapSize                          = 536870912                              {manageable} {ergonomic}
     bool UseCompressedClassPointers               = true                           {product lp64_product} {ergonomic}
     bool UseCompressedOops                        = true                           {product lp64_product} {ergonomic}
     bool UseG1GC                                  = true                                      {product} {ergonomic}
     bool UseLargePagesIndividualAllocation        = false                                  {pd product} {ergonomic}

Logging:
Log output configuration:
 #0: stdout all=warning uptime,level,tags
 #1: stderr all=off uptime,level,tags

Environment Variables:
JAVA_HOME=C:\Program Files\Java\jdk-21.0.1.12-hotspot\
PATH=C:\Program Files (x86)\NAT Service;C:\Program Files (x86)\Common Files\Oracle\Java\javapath;C:\Program Files\Java\jdk-21.0.1.12-hotspot\bin;C:\Users\zapza\AppData\Local\Programs\Python\Python311\Scripts;C:\Program Files\Microsoft SQL Server\150\Tools\Binn\;C:\Program Files\Microsoft SQL Server\Client SDK\ODBC\170\Tools\Binn\;C:\Program Files\dotnet\;C:\Program Files\Git\cmd;C:\Program Files\MySQL\MySQL Server 8.3\bin;C:\Program Files\Docker\Docker\resources\bin;C:\Program Files\Amazon\AWSCLIV2\;C:\Program Files\nodejs\;C:\Program Files\Git LFS;C:\WINDOWS\system32;C:\WINDOWS;C:\WINDOWS\System32\Wbem;C:\WINDOWS\System32\WindowsPowerShell\v1.0\;C:\WINDOWS\System32\OpenSSH\;C:\Program Files\PostgreSQL\17\bin;C:\Users\zapza\AppData\Local\Programs\Python\Python311\Scripts;C:\Users\zapza\AppData\Local\Programs\Microsoft VS Code\bin;C:\Users\zapza\.dotnet\tools;C:\Windows\System32;C:\Windows\System32\WindowsPowerShell\v1.0;C:\Program Files\JetBrains\IntelliJ IDEA Community Edition 2023.3.2\bin;;C:\Users\zapza\AppData\Roaming\npm;C:\Program Files\\Elastic\Beats\8.13.1\filebeat;C:\Users\zapza\AppData\Local\Microsoft\WindowsApps;C:\Users\zapza\AppData\Local\Google\Cloud SDK\google-cloud-sdk\bin
USERNAME=zapza
OS=Windows_NT
PROCESSOR_IDENTIFIER=Intel64 Family 6 Model 140 Stepping 1, GenuineIntel
TMP=C:\Users\zapza\AppData\Local\Temp
TEMP=C:\Users\zapza\AppData\Local\Temp



Periodic native trim disabled


---------------  S Y S T E M  ---------------

OS:
 Windows 11 , 64 bit Build 26100 (10.0.26100.3323)
OS uptime: 29 days 15:00 hours
Hyper-V role detected

CPU: total 8 (initial active 8) (4 cores per cpu, 2 threads per core) family 6 model 140 stepping 1 microcode 0xb4, cx8, cmov, fxsr, ht, mmx, 3dnowpref, sse, sse2, sse3, ssse3, sse4.1, sse4.2, popcnt, lzcnt, tsc, tscinvbit, avx, avx2, aes, erms, clmul, bmi1, bmi2, adx, avx512f, avx512dq, avx512cd, avx512bw, avx512vl, sha, fma, vzeroupper, avx512_vpopcntdq, avx512_vpclmulqdq, avx512_vaes, avx512_vnni, clflush, clflushopt, clwb, avx512_vbmi2, avx512_vbmi, hv
Processor Information for all 8 processors :
  Max Mhz: 2803, Current Mhz: 2803, Mhz Limit: 2803

Memory: 4k page, system-wide physical 16057M (754M free)
TotalPageFile size 65209M (AvailPageFile size 70M)
current process WorkingSet (physical memory assigned to process): 280M, peak: 310M
current process commit charge ("private bytes"): 433M, peak: 463M

vm_info: OpenJDK 64-Bit Server VM (17.0.9+8-LTS) for windows-amd64 JRE (17.0.9+8-LTS), built on Oct 12 2023 16:15:33 by "Administrator" with MS VC++ 16.10 / 16.11 (VS2019)

END.
